---------------------------------------------------------------
[ 2022-12-05T02:43:36+08:00 ] 36.99.136.139 GET ksd.yunkew.net/
[运行时间：0.115855s] [吞吐率：8.63req/s] [内存消耗：3,983.45kb] [文件加载：137]
[ info ] [ BEHAVIOR ] Run Closure @app_init [ RunTime:0.000094s ]
[ info ] [ CACHE ] INIT File
[ info ] [ BEHAVIOR ] Run Closure @app_init [ RunTime:0.003030s ]
[ info ] [ BEHAVIOR ] Run app\common\behavior\Common @app_init [ RunTime:0.001768s ]
[ info ] [ LANG ] /www/wwwroot/kbd.yunkew.net/thinkphp/lang/zh-cn.php
[ info ] [ BEHAVIOR ] Run app\common\behavior\Common @app_dispatch [ RunTime:0.000017s ]
[ info ] [ ROUTE ] array (
  'type' => 'module',
  'module' => 
  array (
    0 => '',
    1 => NULL,
    2 => NULL,
  ),
)
[ info ] [ HEADER ] array (
  'connection' => 'close',
  'accept-encoding' => 'gzip',
  'user-agent' => 'Mozilla/5.0 (Windows NT 10.0; Win64; x64) AppleWebKit/537.36 (KHTML, like Gecko) Chrome/72.0.3626.119 Safari/537.36',
  'host' => 'ksd.yunkew.net',
  'content-length' => '',
  'content-type' => '',
)
[ info ] [ PARAM ] array (
)
[ info ] [ LANG ] /www/wwwroot/kbd.yunkew.net/public/../application/index/lang/zh-cn.php
[ info ] [ BEHAVIOR ] Run app\common\behavior\Common @module_init [ RunTime:0.002059s ]
[ info ] [ LANG ] /www/wwwroot/kbd.yunkew.net/public/../application/index/lang/zh-cn/index.php
[ info ] [ RUN ] app\index\controller\Index->index[ /www/wwwroot/kbd.yunkew.net/application/index/controller/Index.php ]
[ info ] [ DB ] INIT mysql
[ info ] [ VIEW ] /www/wwwroot/kbd.yunkew.net/public/../application/index/view/index/index.html [ array (
  0 => 'user',
  1 => 'site',
  2 => 'config',
  3 => 'channel',
  4 => 'views',
) ]
[ info ] [ LOG ] INIT File
---------------------------------------------------------------
[ 2022-12-05T03:59:30+08:00 ] 36.99.136.132 GET ksd.yunkew.net/
[运行时间：0.064327s] [吞吐率：15.55req/s] [内存消耗：3,983.46kb] [文件加载：137]
[ info ] [ BEHAVIOR ] Run Closure @app_init [ RunTime:0.000121s ]
[ info ] [ CACHE ] INIT File
[ info ] [ BEHAVIOR ] Run Closure @app_init [ RunTime:0.001468s ]
[ info ] [ BEHAVIOR ] Run app\common\behavior\Common @app_init [ RunTime:0.000689s ]
[ info ] [ LANG ] /www/wwwroot/kbd.yunkew.net/thinkphp/lang/zh-cn.php
[ info ] [ BEHAVIOR ] Run app\common\behavior\Common @app_dispatch [ RunTime:0.000019s ]
[ info ] [ ROUTE ] array (
  'type' => 'module',
  'module' => 
  array (
    0 => '',
    1 => NULL,
    2 => NULL,
  ),
)
[ info ] [ HEADER ] array (
  'connection' => 'close',
  'accept-encoding' => 'gzip',
  'user-agent' => 'Mozilla/5.0 (Windows NT 10.0; Win64; x64) AppleWebKit/537.36 (KHTML, like Gecko) Chrome/72.0.3626.119 Safari/537.36',
  'host' => 'ksd.yunkew.net',
  'content-length' => '',
  'content-type' => '',
)
[ info ] [ PARAM ] array (
)
[ info ] [ LANG ] /www/wwwroot/kbd.yunkew.net/public/../application/index/lang/zh-cn.php
[ info ] [ BEHAVIOR ] Run app\common\behavior\Common @module_init [ RunTime:0.001544s ]
[ info ] [ LANG ] /www/wwwroot/kbd.yunkew.net/public/../application/index/lang/zh-cn/index.php
[ info ] [ RUN ] app\index\controller\Index->index[ /www/wwwroot/kbd.yunkew.net/application/index/controller/Index.php ]
[ info ] [ DB ] INIT mysql
[ info ] [ VIEW ] /www/wwwroot/kbd.yunkew.net/public/../application/index/view/index/index.html [ array (
  0 => 'user',
  1 => 'site',
  2 => 'config',
  3 => 'channel',
  4 => 'views',
) ]
[ info ] [ LOG ] INIT File
---------------------------------------------------------------
[ 2022-12-05T16:36:44+08:00 ] 183.129.243.187 GET ksd.yunkew.net/
[运行时间：0.115047s] [吞吐率：8.69req/s] [内存消耗：3,985.23kb] [文件加载：137]
[ info ] [ BEHAVIOR ] Run Closure @app_init [ RunTime:0.000116s ]
[ info ] [ CACHE ] INIT File
[ info ] [ BEHAVIOR ] Run Closure @app_init [ RunTime:0.003012s ]
[ info ] [ BEHAVIOR ] Run app\common\behavior\Common @app_init [ RunTime:0.001469s ]
[ info ] [ LANG ] /www/wwwroot/kbd.yunkew.net/thinkphp/lang/zh-cn.php
[ info ] [ BEHAVIOR ] Run app\common\behavior\Common @app_dispatch [ RunTime:0.000017s ]
[ info ] [ ROUTE ] array (
  'type' => 'module',
  'module' => 
  array (
    0 => '',
    1 => NULL,
    2 => NULL,
  ),
)
[ info ] [ HEADER ] array (
  'accept-language' => 'zh-CN,zh;q=0.9,en-US;q=0.8,en;q=0.7',
  'accept-encoding' => 'gzip, deflate',
  'accept' => 'text/html,application/xhtml+xml,application/xml;q=0.9,image/webp,image/apng,*/*;q=0.8,application/signed-exchange;v=b3;q=0.9',
  'user-agent' => 'Mozilla/5.0 (Windows NT 6.1; WOW64) AppleWebKit/537.36 (KHTML, like Gecko) Chrome/81.0.4044.138 Safari/537.36 NetType/WIFI MicroMessenger/7.0.20.1781(0x6700143B) WindowsWechat(0x63080029)',
  'upgrade-insecure-requests' => '1',
  'connection' => 'keep-alive',
  'host' => 'ksd.yunkew.net',
  'content-length' => '',
  'content-type' => '',
)
[ info ] [ PARAM ] array (
)
[ info ] [ LANG ] /www/wwwroot/kbd.yunkew.net/public/../application/index/lang/zh-cn.php
[ info ] [ BEHAVIOR ] Run app\common\behavior\Common @module_init [ RunTime:0.002238s ]
[ info ] [ LANG ] /www/wwwroot/kbd.yunkew.net/public/../application/index/lang/zh-cn/index.php
[ info ] [ RUN ] app\index\controller\Index->index[ /www/wwwroot/kbd.yunkew.net/application/index/controller/Index.php ]
[ info ] [ DB ] INIT mysql
[ info ] [ VIEW ] /www/wwwroot/kbd.yunkew.net/public/../application/index/view/index/index.html [ array (
  0 => 'user',
  1 => 'site',
  2 => 'config',
  3 => 'channel',
  4 => 'views',
) ]
[ info ] [ LOG ] INIT File
---------------------------------------------------------------
[ 2022-12-05T16:36:45+08:00 ] 183.129.243.187 GET ksd.yunkew.net/
[运行时间：0.050138s] [吞吐率：19.94req/s] [内存消耗：3,984.99kb] [文件加载：137]
[ info ] [ BEHAVIOR ] Run Closure @app_init [ RunTime:0.000096s ]
[ info ] [ CACHE ] INIT File
[ info ] [ BEHAVIOR ] Run Closure @app_init [ RunTime:0.001123s ]
[ info ] [ BEHAVIOR ] Run app\common\behavior\Common @app_init [ RunTime:0.000500s ]
[ info ] [ LANG ] /www/wwwroot/kbd.yunkew.net/thinkphp/lang/zh-cn.php
[ info ] [ BEHAVIOR ] Run app\common\behavior\Common @app_dispatch [ RunTime:0.000013s ]
[ info ] [ ROUTE ] array (
  'type' => 'module',
  'module' => 
  array (
    0 => '',
    1 => NULL,
    2 => NULL,
  ),
)
[ info ] [ HEADER ] array (
  'cookie' => 'thinkphp_show_page_trace=0|0',
  'accept-language' => 'zh-CN,zh;q=0.9,en;q=0.8',
  'accept-encoding' => 'gzip, deflate',
  'accept' => 'text/html,application/xhtml+xml,application/xml;q=0.9,image/avif,image/webp,image/apng,*/*;q=0.8,application/signed-exchange;v=b3;q=0.9',
  'user-agent' => 'Mozilla/5.0 (Windows NT 10.0; Win64; x64) AppleWebKit/537.36 (KHTML, like Gecko) Chrome/97.0.4692.71 Safari/537.36',
  'upgrade-insecure-requests' => '1',
  'connection' => 'keep-alive',
  'host' => 'ksd.yunkew.net',
  'content-length' => '',
  'content-type' => '',
)
[ info ] [ PARAM ] array (
)
[ info ] [ LANG ] /www/wwwroot/kbd.yunkew.net/public/../application/index/lang/zh-cn.php
[ info ] [ BEHAVIOR ] Run app\common\behavior\Common @module_init [ RunTime:0.001007s ]
[ info ] [ LANG ] /www/wwwroot/kbd.yunkew.net/public/../application/index/lang/zh-cn/index.php
[ info ] [ RUN ] app\index\controller\Index->index[ /www/wwwroot/kbd.yunkew.net/application/index/controller/Index.php ]
[ info ] [ DB ] INIT mysql
[ info ] [ VIEW ] /www/wwwroot/kbd.yunkew.net/public/../application/index/view/index/index.html [ array (
  0 => 'user',
  1 => 'site',
  2 => 'config',
  3 => 'channel',
  4 => 'views',
) ]
[ info ] [ LOG ] INIT File
---------------------------------------------------------------
[ 2022-12-05T16:36:45+08:00 ] 183.129.243.187 GET ksd.yunkew.net/favicon.ico
[运行时间：0.039853s] [吞吐率：25.09req/s] [内存消耗：2,217.82kb] [文件加载：118]
[ info ] [ BEHAVIOR ] Run Closure @app_init [ RunTime:0.000094s ]
[ info ] [ CACHE ] INIT File
[ info ] [ BEHAVIOR ] Run Closure @app_init [ RunTime:0.001079s ]
[ info ] [ BEHAVIOR ] Run app\common\behavior\Common @app_init [ RunTime:0.000509s ]
[ info ] [ LANG ] /www/wwwroot/kbd.yunkew.net/thinkphp/lang/zh-cn.php
[ info ] [ BEHAVIOR ] Run app\common\behavior\Common @app_dispatch [ RunTime:0.000015s ]
[ info ] [ ROUTE ] array (
  'type' => 'module',
  'module' => 
  array (
    0 => 'favicon.ico',
    1 => NULL,
    2 => NULL,
  ),
)
[ info ] [ HEADER ] array (
  'cookie' => 'thinkphp_show_page_trace=0|0',
  'accept-language' => 'zh-CN,zh;q=0.9,en;q=0.8',
  'accept-encoding' => 'gzip, deflate',
  'referer' => 'http://ksd.yunkew.net/',
  'accept' => 'image/avif,image/webp,image/apng,image/svg+xml,image/*,*/*;q=0.8',
  'user-agent' => 'Mozilla/5.0 (Windows NT 10.0; Win64; x64) AppleWebKit/537.36 (KHTML, like Gecko) Chrome/97.0.4692.71 Safari/537.36',
  'connection' => 'keep-alive',
  'host' => 'ksd.yunkew.net',
  'content-length' => '',
  'content-type' => '',
)
[ info ] [ PARAM ] array (
)
[ info ] [ LOG ] INIT File
---------------------------------------------------------------
[ 2022-12-05T16:36:50+08:00 ] 183.129.243.187 GET ksd.yunkew.net/browse.html
[运行时间：0.059877s] [吞吐率：16.70req/s] [内存消耗：4,492.16kb] [文件加载：132]
[ info ] [ BEHAVIOR ] Run Closure @app_init [ RunTime:0.000088s ]
[ info ] [ CACHE ] INIT File
[ info ] [ BEHAVIOR ] Run Closure @app_init [ RunTime:0.001011s ]
[ info ] [ BEHAVIOR ] Run app\common\behavior\Common @app_init [ RunTime:0.000449s ]
[ info ] [ LANG ] /www/wwwroot/kbd.yunkew.net/thinkphp/lang/zh-cn.php
[ info ] [ BEHAVIOR ] Run app\common\behavior\Common @app_dispatch [ RunTime:0.000017s ]
[ info ] [ ROUTE ] array (
  'type' => 'module',
  'module' => 
  array (
    0 => 'index',
    1 => 'Index',
    2 => 'browse',
  ),
  'convert' => false,
)
[ info ] [ HEADER ] array (
  'cookie' => 'thinkphp_show_page_trace=0|0',
  'accept-language' => 'zh-CN,zh;q=0.9,en;q=0.8',
  'accept-encoding' => 'gzip, deflate',
  'referer' => 'http://ksd.yunkew.net/',
  'accept' => 'text/html,application/xhtml+xml,application/xml;q=0.9,image/avif,image/webp,image/apng,*/*;q=0.8,application/signed-exchange;v=b3;q=0.9',
  'user-agent' => 'Mozilla/5.0 (Windows NT 10.0; Win64; x64) AppleWebKit/537.36 (KHTML, like Gecko) Chrome/97.0.4692.71 Safari/537.36',
  'upgrade-insecure-requests' => '1',
  'connection' => 'keep-alive',
  'host' => 'ksd.yunkew.net',
  'content-length' => '',
  'content-type' => '',
)
[ info ] [ PARAM ] array (
)
[ info ] [ LANG ] /www/wwwroot/kbd.yunkew.net/public/../application/index/lang/zh-cn.php
[ info ] [ BEHAVIOR ] Run app\common\behavior\Common @module_init [ RunTime:0.000940s ]
[ info ] [ LANG ] /www/wwwroot/kbd.yunkew.net/public/../application/index/lang/zh-cn/index.php
[ info ] [ RUN ] app\index\controller\Index->browse[ /www/wwwroot/kbd.yunkew.net/application/index/controller/Index.php ]
[ info ] [ VIEW ] /www/wwwroot/kbd.yunkew.net/public/../application/index/view/index/browse.html [ array (
  0 => 'user',
  1 => 'site',
  2 => 'config',
  3 => 'channel',
) ]
[ info ] [ LOG ] INIT File
---------------------------------------------------------------
[ 2022-12-05T16:36:57+08:00 ] 183.129.243.187 GET ksd.yunkew.net/search.html
[运行时间：0.053771s] [吞吐率：18.60req/s] [内存消耗：4,160.81kb] [文件加载：141]
[ info ] [ BEHAVIOR ] Run Closure @app_init [ RunTime:0.000091s ]
[ info ] [ CACHE ] INIT File
[ info ] [ BEHAVIOR ] Run Closure @app_init [ RunTime:0.001017s ]
[ info ] [ BEHAVIOR ] Run app\common\behavior\Common @app_init [ RunTime:0.000507s ]
[ info ] [ LANG ] /www/wwwroot/kbd.yunkew.net/thinkphp/lang/zh-cn.php
[ info ] [ BEHAVIOR ] Run app\common\behavior\Common @app_dispatch [ RunTime:0.000014s ]
[ info ] [ ROUTE ] array (
  'type' => 'module',
  'module' => 
  array (
    0 => 'index',
    1 => 'Index',
    2 => 'search',
  ),
  'convert' => false,
)
[ info ] [ HEADER ] array (
  'cookie' => 'thinkphp_show_page_trace=0|0',
  'accept-language' => 'zh-CN,zh;q=0.9,en;q=0.8',
  'accept-encoding' => 'gzip, deflate',
  'referer' => 'http://ksd.yunkew.net/browse.html',
  'accept' => 'text/html,application/xhtml+xml,application/xml;q=0.9,image/avif,image/webp,image/apng,*/*;q=0.8,application/signed-exchange;v=b3;q=0.9',
  'user-agent' => 'Mozilla/5.0 (Windows NT 10.0; Win64; x64) AppleWebKit/537.36 (KHTML, like Gecko) Chrome/97.0.4692.71 Safari/537.36',
  'upgrade-insecure-requests' => '1',
  'connection' => 'keep-alive',
  'host' => 'ksd.yunkew.net',
  'content-length' => '',
  'content-type' => '',
)
[ info ] [ PARAM ] array (
)
[ info ] [ LANG ] /www/wwwroot/kbd.yunkew.net/public/../application/index/lang/zh-cn.php
[ info ] [ BEHAVIOR ] Run app\common\behavior\Common @module_init [ RunTime:0.000956s ]
[ info ] [ LANG ] /www/wwwroot/kbd.yunkew.net/public/../application/index/lang/zh-cn/index.php
[ info ] [ RUN ] app\index\controller\Index->search[ /www/wwwroot/kbd.yunkew.net/application/index/controller/Index.php ]
[ info ] [ DB ] INIT mysql
[ info ] [ VIEW ] /www/wwwroot/kbd.yunkew.net/public/../application/index/view/index/search.html [ array (
  0 => 'user',
  1 => 'site',
  2 => 'config',
  3 => 'list',
  4 => 'pid',
  5 => 'key',
  6 => 'year',
  7 => 'channel',
) ]
[ info ] [ LOG ] INIT File
---------------------------------------------------------------
[ 2022-12-05T16:36:58+08:00 ] 183.129.243.187 GET ksd.yunkew.net/statistics.html
[运行时间：0.040182s] [吞吐率：24.89req/s] [内存消耗：3,105.48kb] [文件加载：132]
[ info ] [ BEHAVIOR ] Run Closure @app_init [ RunTime:0.000089s ]
[ info ] [ CACHE ] INIT File
[ info ] [ BEHAVIOR ] Run Closure @app_init [ RunTime:0.001028s ]
[ info ] [ BEHAVIOR ] Run app\common\behavior\Common @app_init [ RunTime:0.000487s ]
[ info ] [ LANG ] /www/wwwroot/kbd.yunkew.net/thinkphp/lang/zh-cn.php
[ info ] [ BEHAVIOR ] Run app\common\behavior\Common @app_dispatch [ RunTime:0.000015s ]
[ info ] [ ROUTE ] array (
  'type' => 'module',
  'module' => 
  array (
    0 => 'index',
    1 => 'Index',
    2 => 'statistics',
  ),
  'convert' => false,
)
[ info ] [ HEADER ] array (
  'cookie' => 'thinkphp_show_page_trace=0|0',
  'accept-language' => 'zh-CN,zh;q=0.9,en;q=0.8',
  'accept-encoding' => 'gzip, deflate',
  'referer' => 'http://ksd.yunkew.net/search.html',
  'accept' => 'text/html,application/xhtml+xml,application/xml;q=0.9,image/avif,image/webp,image/apng,*/*;q=0.8,application/signed-exchange;v=b3;q=0.9',
  'user-agent' => 'Mozilla/5.0 (Windows NT 10.0; Win64; x64) AppleWebKit/537.36 (KHTML, like Gecko) Chrome/97.0.4692.71 Safari/537.36',
  'upgrade-insecure-requests' => '1',
  'connection' => 'keep-alive',
  'host' => 'ksd.yunkew.net',
  'content-length' => '',
  'content-type' => '',
)
[ info ] [ PARAM ] array (
)
[ info ] [ LANG ] /www/wwwroot/kbd.yunkew.net/public/../application/index/lang/zh-cn.php
[ info ] [ BEHAVIOR ] Run app\common\behavior\Common @module_init [ RunTime:0.000972s ]
[ info ] [ LANG ] /www/wwwroot/kbd.yunkew.net/public/../application/index/lang/zh-cn/index.php
[ info ] [ RUN ] app\index\controller\Index->statistics[ /www/wwwroot/kbd.yunkew.net/application/index/controller/Index.php ]
[ info ] [ VIEW ] /www/wwwroot/kbd.yunkew.net/public/../application/index/view/index/statistics.html [ array (
  0 => 'user',
  1 => 'site',
  2 => 'config',
  3 => 'channel',
) ]
[ info ] [ LOG ] INIT File
---------------------------------------------------------------
[ 2022-12-05T16:37:01+08:00 ] 183.129.243.187 GET ksd.yunkew.net/download.html
[运行时间：0.040863s] [吞吐率：24.47req/s] [内存消耗：3,105.68kb] [文件加载：132]
[ info ] [ BEHAVIOR ] Run Closure @app_init [ RunTime:0.000092s ]
[ info ] [ CACHE ] INIT File
[ info ] [ BEHAVIOR ] Run Closure @app_init [ RunTime:0.001048s ]
[ info ] [ BEHAVIOR ] Run app\common\behavior\Common @app_init [ RunTime:0.000510s ]
[ info ] [ LANG ] /www/wwwroot/kbd.yunkew.net/thinkphp/lang/zh-cn.php
[ info ] [ BEHAVIOR ] Run app\common\behavior\Common @app_dispatch [ RunTime:0.000016s ]
[ info ] [ ROUTE ] array (
  'type' => 'module',
  'module' => 
  array (
    0 => 'index',
    1 => 'Index',
    2 => 'download',
  ),
  'convert' => false,
)
[ info ] [ HEADER ] array (
  'cookie' => 'thinkphp_show_page_trace=0|0',
  'accept-language' => 'zh-CN,zh;q=0.9,en;q=0.8',
  'accept-encoding' => 'gzip, deflate',
  'referer' => 'http://ksd.yunkew.net/statistics.html',
  'accept' => 'text/html,application/xhtml+xml,application/xml;q=0.9,image/avif,image/webp,image/apng,*/*;q=0.8,application/signed-exchange;v=b3;q=0.9',
  'user-agent' => 'Mozilla/5.0 (Windows NT 10.0; Win64; x64) AppleWebKit/537.36 (KHTML, like Gecko) Chrome/97.0.4692.71 Safari/537.36',
  'upgrade-insecure-requests' => '1',
  'connection' => 'keep-alive',
  'host' => 'ksd.yunkew.net',
  'content-length' => '',
  'content-type' => '',
)
[ info ] [ PARAM ] array (
)
[ info ] [ LANG ] /www/wwwroot/kbd.yunkew.net/public/../application/index/lang/zh-cn.php
[ info ] [ BEHAVIOR ] Run app\common\behavior\Common @module_init [ RunTime:0.000977s ]
[ info ] [ LANG ] /www/wwwroot/kbd.yunkew.net/public/../application/index/lang/zh-cn/index.php
[ info ] [ RUN ] app\index\controller\Index->download[ /www/wwwroot/kbd.yunkew.net/application/index/controller/Index.php ]
[ info ] [ VIEW ] /www/wwwroot/kbd.yunkew.net/public/../application/index/view/index/download.html [ array (
  0 => 'user',
  1 => 'site',
  2 => 'config',
  3 => 'channel',
) ]
[ info ] [ LOG ] INIT File
---------------------------------------------------------------
[ 2022-12-05T16:37:02+08:00 ] 183.129.243.187 GET ksd.yunkew.net/about.html
[运行时间：0.044429s] [吞吐率：22.51req/s] [内存消耗：3,106.67kb] [文件加载：132]
[ info ] [ BEHAVIOR ] Run Closure @app_init [ RunTime:0.000114s ]
[ info ] [ CACHE ] INIT File
[ info ] [ BEHAVIOR ] Run Closure @app_init [ RunTime:0.001421s ]
[ info ] [ BEHAVIOR ] Run app\common\behavior\Common @app_init [ RunTime:0.000663s ]
[ info ] [ LANG ] /www/wwwroot/kbd.yunkew.net/thinkphp/lang/zh-cn.php
[ info ] [ BEHAVIOR ] Run app\common\behavior\Common @app_dispatch [ RunTime:0.000020s ]
[ info ] [ ROUTE ] array (
  'type' => 'module',
  'module' => 
  array (
    0 => 'index',
    1 => 'Index',
    2 => 'about',
  ),
  'convert' => false,
)
[ info ] [ HEADER ] array (
  'cookie' => 'thinkphp_show_page_trace=0|0',
  'accept-language' => 'zh-CN,zh;q=0.9,en;q=0.8',
  'accept-encoding' => 'gzip, deflate',
  'referer' => 'http://ksd.yunkew.net/download.html',
  'accept' => 'text/html,application/xhtml+xml,application/xml;q=0.9,image/avif,image/webp,image/apng,*/*;q=0.8,application/signed-exchange;v=b3;q=0.9',
  'user-agent' => 'Mozilla/5.0 (Windows NT 10.0; Win64; x64) AppleWebKit/537.36 (KHTML, like Gecko) Chrome/97.0.4692.71 Safari/537.36',
  'upgrade-insecure-requests' => '1',
  'connection' => 'keep-alive',
  'host' => 'ksd.yunkew.net',
  'content-length' => '',
  'content-type' => '',
)
[ info ] [ PARAM ] array (
)
[ info ] [ LANG ] /www/wwwroot/kbd.yunkew.net/public/../application/index/lang/zh-cn.php
[ info ] [ BEHAVIOR ] Run app\common\behavior\Common @module_init [ RunTime:0.000983s ]
[ info ] [ LANG ] /www/wwwroot/kbd.yunkew.net/public/../application/index/lang/zh-cn/index.php
[ info ] [ RUN ] app\index\controller\Index->about[ /www/wwwroot/kbd.yunkew.net/application/index/controller/Index.php ]
[ info ] [ VIEW ] /www/wwwroot/kbd.yunkew.net/public/../application/index/view/index/about.html [ array (
  0 => 'user',
  1 => 'site',
  2 => 'config',
  3 => 'channel',
) ]
[ info ] [ LOG ] INIT File
---------------------------------------------------------------
[ 2022-12-05T16:37:04+08:00 ] 183.129.243.187 GET ksd.yunkew.net/download.html
[运行时间：0.040477s] [吞吐率：24.71req/s] [内存消耗：3,105.68kb] [文件加载：132]
[ info ] [ BEHAVIOR ] Run Closure @app_init [ RunTime:0.000092s ]
[ info ] [ CACHE ] INIT File
[ info ] [ BEHAVIOR ] Run Closure @app_init [ RunTime:0.001048s ]
[ info ] [ BEHAVIOR ] Run app\common\behavior\Common @app_init [ RunTime:0.000531s ]
[ info ] [ LANG ] /www/wwwroot/kbd.yunkew.net/thinkphp/lang/zh-cn.php
[ info ] [ BEHAVIOR ] Run app\common\behavior\Common @app_dispatch [ RunTime:0.000015s ]
[ info ] [ ROUTE ] array (
  'type' => 'module',
  'module' => 
  array (
    0 => 'index',
    1 => 'Index',
    2 => 'download',
  ),
  'convert' => false,
)
[ info ] [ HEADER ] array (
  'cookie' => 'thinkphp_show_page_trace=0|0',
  'accept-language' => 'zh-CN,zh;q=0.9,en;q=0.8',
  'accept-encoding' => 'gzip, deflate',
  'referer' => 'http://ksd.yunkew.net/about.html',
  'accept' => 'text/html,application/xhtml+xml,application/xml;q=0.9,image/avif,image/webp,image/apng,*/*;q=0.8,application/signed-exchange;v=b3;q=0.9',
  'user-agent' => 'Mozilla/5.0 (Windows NT 10.0; Win64; x64) AppleWebKit/537.36 (KHTML, like Gecko) Chrome/97.0.4692.71 Safari/537.36',
  'upgrade-insecure-requests' => '1',
  'connection' => 'keep-alive',
  'host' => 'ksd.yunkew.net',
  'content-length' => '',
  'content-type' => '',
)
[ info ] [ PARAM ] array (
)
[ info ] [ LANG ] /www/wwwroot/kbd.yunkew.net/public/../application/index/lang/zh-cn.php
[ info ] [ BEHAVIOR ] Run app\common\behavior\Common @module_init [ RunTime:0.000975s ]
[ info ] [ LANG ] /www/wwwroot/kbd.yunkew.net/public/../application/index/lang/zh-cn/index.php
[ info ] [ RUN ] app\index\controller\Index->download[ /www/wwwroot/kbd.yunkew.net/application/index/controller/Index.php ]
[ info ] [ VIEW ] /www/wwwroot/kbd.yunkew.net/public/../application/index/view/index/download.html [ array (
  0 => 'user',
  1 => 'site',
  2 => 'config',
  3 => 'channel',
) ]
[ info ] [ LOG ] INIT File
---------------------------------------------------------------
[ 2022-12-05T16:37:04+08:00 ] 183.129.243.187 GET ksd.yunkew.net/statistics.html
[运行时间：0.038539s] [吞吐率：25.95req/s] [内存消耗：3,105.48kb] [文件加载：132]
[ info ] [ BEHAVIOR ] Run Closure @app_init [ RunTime:0.000092s ]
[ info ] [ CACHE ] INIT File
[ info ] [ BEHAVIOR ] Run Closure @app_init [ RunTime:0.001014s ]
[ info ] [ BEHAVIOR ] Run app\common\behavior\Common @app_init [ RunTime:0.000455s ]
[ info ] [ LANG ] /www/wwwroot/kbd.yunkew.net/thinkphp/lang/zh-cn.php
[ info ] [ BEHAVIOR ] Run app\common\behavior\Common @app_dispatch [ RunTime:0.000015s ]
[ info ] [ ROUTE ] array (
  'type' => 'module',
  'module' => 
  array (
    0 => 'index',
    1 => 'Index',
    2 => 'statistics',
  ),
  'convert' => false,
)
[ info ] [ HEADER ] array (
  'cookie' => 'thinkphp_show_page_trace=0|0',
  'accept-language' => 'zh-CN,zh;q=0.9,en;q=0.8',
  'accept-encoding' => 'gzip, deflate',
  'referer' => 'http://ksd.yunkew.net/download.html',
  'accept' => 'text/html,application/xhtml+xml,application/xml;q=0.9,image/avif,image/webp,image/apng,*/*;q=0.8,application/signed-exchange;v=b3;q=0.9',
  'user-agent' => 'Mozilla/5.0 (Windows NT 10.0; Win64; x64) AppleWebKit/537.36 (KHTML, like Gecko) Chrome/97.0.4692.71 Safari/537.36',
  'upgrade-insecure-requests' => '1',
  'connection' => 'keep-alive',
  'host' => 'ksd.yunkew.net',
  'content-length' => '',
  'content-type' => '',
)
[ info ] [ PARAM ] array (
)
[ info ] [ LANG ] /www/wwwroot/kbd.yunkew.net/public/../application/index/lang/zh-cn.php
[ info ] [ BEHAVIOR ] Run app\common\behavior\Common @module_init [ RunTime:0.000959s ]
[ info ] [ LANG ] /www/wwwroot/kbd.yunkew.net/public/../application/index/lang/zh-cn/index.php
[ info ] [ RUN ] app\index\controller\Index->statistics[ /www/wwwroot/kbd.yunkew.net/application/index/controller/Index.php ]
[ info ] [ VIEW ] /www/wwwroot/kbd.yunkew.net/public/../application/index/view/index/statistics.html [ array (
  0 => 'user',
  1 => 'site',
  2 => 'config',
  3 => 'channel',
) ]
[ info ] [ LOG ] INIT File
---------------------------------------------------------------
[ 2022-12-05T16:37:05+08:00 ] 183.129.243.187 GET ksd.yunkew.net/
[运行时间：0.046451s] [吞吐率：21.53req/s] [内存消耗：3,985.30kb] [文件加载：137]
[ info ] [ BEHAVIOR ] Run Closure @app_init [ RunTime:0.000016s ]
[ info ] [ CACHE ] INIT File
[ info ] [ BEHAVIOR ] Run Closure @app_init [ RunTime:0.001023s ]
[ info ] [ BEHAVIOR ] Run app\common\behavior\Common @app_init [ RunTime:0.000460s ]
[ info ] [ LANG ] /www/wwwroot/kbd.yunkew.net/thinkphp/lang/zh-cn.php
[ info ] [ BEHAVIOR ] Run app\common\behavior\Common @app_dispatch [ RunTime:0.000015s ]
[ info ] [ ROUTE ] array (
  'type' => 'module',
  'module' => 
  array (
    0 => '',
    1 => NULL,
    2 => NULL,
  ),
)
[ info ] [ HEADER ] array (
  'cookie' => 'thinkphp_show_page_trace=0|0',
  'accept-language' => 'zh-CN,zh;q=0.9,en;q=0.8',
  'accept-encoding' => 'gzip, deflate',
  'referer' => 'http://ksd.yunkew.net/statistics.html',
  'accept' => 'text/html,application/xhtml+xml,application/xml;q=0.9,image/avif,image/webp,image/apng,*/*;q=0.8,application/signed-exchange;v=b3;q=0.9',
  'user-agent' => 'Mozilla/5.0 (Windows NT 10.0; Win64; x64) AppleWebKit/537.36 (KHTML, like Gecko) Chrome/97.0.4692.71 Safari/537.36',
  'upgrade-insecure-requests' => '1',
  'connection' => 'keep-alive',
  'host' => 'ksd.yunkew.net',
  'content-length' => '',
  'content-type' => '',
)
[ info ] [ PARAM ] array (
)
[ info ] [ LANG ] /www/wwwroot/kbd.yunkew.net/public/../application/index/lang/zh-cn.php
[ info ] [ BEHAVIOR ] Run app\common\behavior\Common @module_init [ RunTime:0.000893s ]
[ info ] [ LANG ] /www/wwwroot/kbd.yunkew.net/public/../application/index/lang/zh-cn/index.php
[ info ] [ RUN ] app\index\controller\Index->index[ /www/wwwroot/kbd.yunkew.net/application/index/controller/Index.php ]
[ info ] [ DB ] INIT mysql
[ info ] [ VIEW ] /www/wwwroot/kbd.yunkew.net/public/../application/index/view/index/index.html [ array (
  0 => 'user',
  1 => 'site',
  2 => 'config',
  3 => 'channel',
  4 => 'views',
) ]
[ info ] [ LOG ] INIT File
---------------------------------------------------------------
[ 2022-12-05T16:37:08+08:00 ] 180.163.220.68 GET ksd.yunkew.net/statistics.html
[运行时间：0.037827s] [吞吐率：26.44req/s] [内存消耗：3,105.23kb] [文件加载：132]
[ info ] [ BEHAVIOR ] Run Closure @app_init [ RunTime:0.000019s ]
[ info ] [ CACHE ] INIT File
[ info ] [ BEHAVIOR ] Run Closure @app_init [ RunTime:0.001044s ]
[ info ] [ BEHAVIOR ] Run app\common\behavior\Common @app_init [ RunTime:0.000521s ]
[ info ] [ LANG ] /www/wwwroot/kbd.yunkew.net/thinkphp/lang/zh-cn.php
[ info ] [ BEHAVIOR ] Run app\common\behavior\Common @app_dispatch [ RunTime:0.000016s ]
[ info ] [ ROUTE ] array (
  'type' => 'module',
  'module' => 
  array (
    0 => 'index',
    1 => 'Index',
    2 => 'statistics',
  ),
  'convert' => false,
)
[ info ] [ HEADER ] array (
  'accept-encoding' => 'gzip, deflate',
  'referer' => 'http://baidu.com/',
  'accept' => 'text/html,application/xhtml+xml,application/xml;q=0.9,image/webp,image/apng,*/*;q=0.8',
  'user-agent' => 'Mozilla/5.0 (Linux; Android 8.0.0; MHA-AL00 Build/HUAWEIMHA-AL00; wv) AppleWebKit/537.36 (KHTML, like Gecko) Version/4.0 Chrome/68.0.3440.91 Mobile Safari/537.36 BingWeb/6.9.6',
  'upgrade-insecure-requests' => '1',
  'cache-control' => 'no-cache',
  'pragma' => 'no-cache',
  'connection' => 'keep-alive',
  'host' => 'ksd.yunkew.net',
  'content-length' => '',
  'content-type' => '',
)
[ info ] [ PARAM ] array (
)
[ info ] [ LANG ] /www/wwwroot/kbd.yunkew.net/public/../application/index/lang/zh-cn.php
[ info ] [ BEHAVIOR ] Run app\common\behavior\Common @module_init [ RunTime:0.000907s ]
[ info ] [ LANG ] /www/wwwroot/kbd.yunkew.net/public/../application/index/lang/zh-cn/index.php
[ info ] [ RUN ] app\index\controller\Index->statistics[ /www/wwwroot/kbd.yunkew.net/application/index/controller/Index.php ]
[ info ] [ VIEW ] /www/wwwroot/kbd.yunkew.net/public/../application/index/view/index/statistics.html [ array (
  0 => 'user',
  1 => 'site',
  2 => 'config',
  3 => 'channel',
) ]
[ info ] [ LOG ] INIT File
---------------------------------------------------------------
[ 2022-12-05T16:37:10+08:00 ] 183.129.243.187 GET ksd.yunkew.net/browse.html
[运行时间：0.057736s] [吞吐率：17.32req/s] [内存消耗：4,492.16kb] [文件加载：132]
[ info ] [ BEHAVIOR ] Run Closure @app_init [ RunTime:0.000014s ]
[ info ] [ CACHE ] INIT File
[ info ] [ BEHAVIOR ] Run Closure @app_init [ RunTime:0.000985s ]
[ info ] [ BEHAVIOR ] Run app\common\behavior\Common @app_init [ RunTime:0.000493s ]
[ info ] [ LANG ] /www/wwwroot/kbd.yunkew.net/thinkphp/lang/zh-cn.php
[ info ] [ BEHAVIOR ] Run app\common\behavior\Common @app_dispatch [ RunTime:0.000015s ]
[ info ] [ ROUTE ] array (
  'type' => 'module',
  'module' => 
  array (
    0 => 'index',
    1 => 'Index',
    2 => 'browse',
  ),
  'convert' => false,
)
[ info ] [ HEADER ] array (
  'cookie' => 'thinkphp_show_page_trace=0|0',
  'accept-language' => 'zh-CN,zh;q=0.9,en;q=0.8',
  'accept-encoding' => 'gzip, deflate',
  'referer' => 'http://ksd.yunkew.net/',
  'accept' => 'text/html,application/xhtml+xml,application/xml;q=0.9,image/avif,image/webp,image/apng,*/*;q=0.8,application/signed-exchange;v=b3;q=0.9',
  'user-agent' => 'Mozilla/5.0 (Windows NT 10.0; Win64; x64) AppleWebKit/537.36 (KHTML, like Gecko) Chrome/97.0.4692.71 Safari/537.36',
  'upgrade-insecure-requests' => '1',
  'connection' => 'keep-alive',
  'host' => 'ksd.yunkew.net',
  'content-length' => '',
  'content-type' => '',
)
[ info ] [ PARAM ] array (
)
[ info ] [ LANG ] /www/wwwroot/kbd.yunkew.net/public/../application/index/lang/zh-cn.php
[ info ] [ BEHAVIOR ] Run app\common\behavior\Common @module_init [ RunTime:0.000954s ]
[ info ] [ LANG ] /www/wwwroot/kbd.yunkew.net/public/../application/index/lang/zh-cn/index.php
[ info ] [ RUN ] app\index\controller\Index->browse[ /www/wwwroot/kbd.yunkew.net/application/index/controller/Index.php ]
[ info ] [ VIEW ] /www/wwwroot/kbd.yunkew.net/public/../application/index/view/index/browse.html [ array (
  0 => 'user',
  1 => 'site',
  2 => 'config',
  3 => 'channel',
) ]
[ info ] [ LOG ] INIT File
---------------------------------------------------------------
[ 2022-12-05T16:37:29+08:00 ] 180.163.220.68 GET ksd.yunkew.net/
[运行时间：0.060709s] [吞吐率：16.47req/s] [内存消耗：3,984.29kb] [文件加载：137]
[ info ] [ BEHAVIOR ] Run Closure @app_init [ RunTime:0.000019s ]
[ info ] [ CACHE ] INIT File
[ info ] [ BEHAVIOR ] Run Closure @app_init [ RunTime:0.001377s ]
[ info ] [ BEHAVIOR ] Run app\common\behavior\Common @app_init [ RunTime:0.000637s ]
[ info ] [ LANG ] /www/wwwroot/kbd.yunkew.net/thinkphp/lang/zh-cn.php
[ info ] [ BEHAVIOR ] Run app\common\behavior\Common @app_dispatch [ RunTime:0.000017s ]
[ info ] [ ROUTE ] array (
  'type' => 'module',
  'module' => 
  array (
    0 => '',
    1 => NULL,
    2 => NULL,
  ),
)
[ info ] [ HEADER ] array (
  'accept-encoding' => 'gzip, deflate',
  'accept' => 'text/html,application/xhtml+xml,application/xml;q=0.9,image/webp,image/apng,*/*;q=0.8',
  'upgrade-insecure-requests' => '1',
  'user-agent' => 'Mozilla/5.0 (Linux; Android 8.0.0; MHA-AL00 Build/HUAWEIMHA-AL00; wv) AppleWebKit/537.36 (KHTML, like Gecko) Version/4.0 Chrome/68.0.3440.91 Mobile Safari/537.36 BingWeb/6.9.6',
  'connection' => 'keep-alive',
  'host' => 'ksd.yunkew.net',
  'content-length' => '',
  'content-type' => '',
)
[ info ] [ PARAM ] array (
)
[ info ] [ LANG ] /www/wwwroot/kbd.yunkew.net/public/../application/index/lang/zh-cn.php
[ info ] [ BEHAVIOR ] Run app\common\behavior\Common @module_init [ RunTime:0.001315s ]
[ info ] [ LANG ] /www/wwwroot/kbd.yunkew.net/public/../application/index/lang/zh-cn/index.php
[ info ] [ RUN ] app\index\controller\Index->index[ /www/wwwroot/kbd.yunkew.net/application/index/controller/Index.php ]
[ info ] [ DB ] INIT mysql
[ info ] [ VIEW ] /www/wwwroot/kbd.yunkew.net/public/../application/index/view/index/index.html [ array (
  0 => 'user',
  1 => 'site',
  2 => 'config',
  3 => 'channel',
  4 => 'views',
) ]
[ info ] [ LOG ] INIT File
---------------------------------------------------------------
[ 2022-12-05T16:37:29+08:00 ] 180.163.220.5 GET ksd.yunkew.net/
[运行时间：0.045967s] [吞吐率：21.75req/s] [内存消耗：3,985.04kb] [文件加载：137]
[ info ] [ BEHAVIOR ] Run Closure @app_init [ RunTime:0.000015s ]
[ info ] [ CACHE ] INIT File
[ info ] [ BEHAVIOR ] Run Closure @app_init [ RunTime:0.001035s ]
[ info ] [ BEHAVIOR ] Run app\common\behavior\Common @app_init [ RunTime:0.000489s ]
[ info ] [ LANG ] /www/wwwroot/kbd.yunkew.net/thinkphp/lang/zh-cn.php
[ info ] [ BEHAVIOR ] Run app\common\behavior\Common @app_dispatch [ RunTime:0.000014s ]
[ info ] [ ROUTE ] array (
  'type' => 'module',
  'module' => 
  array (
    0 => '',
    1 => NULL,
    2 => NULL,
  ),
)
[ info ] [ HEADER ] array (
  'accept-encoding' => 'gzip, deflate',
  'referer' => 'http://baidu.com/',
  'accept' => 'text/html,application/xhtml+xml,application/xml;q=0.9,image/webp,image/apng,*/*;q=0.8',
  'user-agent' => 'Mozilla/5.0 (Linux; Android 8.0.0; MHA-AL00 Build/HUAWEIMHA-AL00; wv) AppleWebKit/537.36 (KHTML, like Gecko) Version/4.0 Chrome/68.0.3440.91 Mobile Safari/537.36 BingWeb/6.9.6',
  'upgrade-insecure-requests' => '1',
  'cache-control' => 'no-cache',
  'pragma' => 'no-cache',
  'connection' => 'keep-alive',
  'host' => 'ksd.yunkew.net',
  'content-length' => '',
  'content-type' => '',
)
[ info ] [ PARAM ] array (
)
[ info ] [ LANG ] /www/wwwroot/kbd.yunkew.net/public/../application/index/lang/zh-cn.php
[ info ] [ BEHAVIOR ] Run app\common\behavior\Common @module_init [ RunTime:0.000914s ]
[ info ] [ LANG ] /www/wwwroot/kbd.yunkew.net/public/../application/index/lang/zh-cn/index.php
[ info ] [ RUN ] app\index\controller\Index->index[ /www/wwwroot/kbd.yunkew.net/application/index/controller/Index.php ]
[ info ] [ DB ] INIT mysql
[ info ] [ VIEW ] /www/wwwroot/kbd.yunkew.net/public/../application/index/view/index/index.html [ array (
  0 => 'user',
  1 => 'site',
  2 => 'config',
  3 => 'channel',
  4 => 'views',
) ]
[ info ] [ LOG ] INIT File
---------------------------------------------------------------
[ 2022-12-05T16:37:30+08:00 ] 180.163.220.67 GET ksd.yunkew.net/search.html
[运行时间：0.045824s] [吞吐率：21.82req/s] [内存消耗：4,160.55kb] [文件加载：141]
[ info ] [ BEHAVIOR ] Run Closure @app_init [ RunTime:0.000014s ]
[ info ] [ CACHE ] INIT File
[ info ] [ BEHAVIOR ] Run Closure @app_init [ RunTime:0.001022s ]
[ info ] [ BEHAVIOR ] Run app\common\behavior\Common @app_init [ RunTime:0.000535s ]
[ info ] [ LANG ] /www/wwwroot/kbd.yunkew.net/thinkphp/lang/zh-cn.php
[ info ] [ BEHAVIOR ] Run app\common\behavior\Common @app_dispatch [ RunTime:0.000015s ]
[ info ] [ ROUTE ] array (
  'type' => 'module',
  'module' => 
  array (
    0 => 'index',
    1 => 'Index',
    2 => 'search',
  ),
  'convert' => false,
)
[ info ] [ HEADER ] array (
  'accept-encoding' => 'gzip, deflate',
  'referer' => 'http://baidu.com/',
  'accept' => 'text/html,application/xhtml+xml,application/xml;q=0.9,image/webp,image/apng,*/*;q=0.8',
  'user-agent' => 'Mozilla/5.0 (Linux; Android 8.0.0; MHA-AL00 Build/HUAWEIMHA-AL00; wv) AppleWebKit/537.36 (KHTML, like Gecko) Version/4.0 Chrome/68.0.3440.91 Mobile Safari/537.36 BingWeb/6.9.6',
  'upgrade-insecure-requests' => '1',
  'cache-control' => 'no-cache',
  'pragma' => 'no-cache',
  'connection' => 'keep-alive',
  'host' => 'ksd.yunkew.net',
  'content-length' => '',
  'content-type' => '',
)
[ info ] [ PARAM ] array (
)
[ info ] [ LANG ] /www/wwwroot/kbd.yunkew.net/public/../application/index/lang/zh-cn.php
[ info ] [ BEHAVIOR ] Run app\common\behavior\Common @module_init [ RunTime:0.000943s ]
[ info ] [ LANG ] /www/wwwroot/kbd.yunkew.net/public/../application/index/lang/zh-cn/index.php
[ info ] [ RUN ] app\index\controller\Index->search[ /www/wwwroot/kbd.yunkew.net/application/index/controller/Index.php ]
[ info ] [ DB ] INIT mysql
[ info ] [ VIEW ] /www/wwwroot/kbd.yunkew.net/public/../application/index/view/index/search.html [ array (
  0 => 'user',
  1 => 'site',
  2 => 'config',
  3 => 'list',
  4 => 'pid',
  5 => 'key',
  6 => 'year',
  7 => 'channel',
) ]
[ info ] [ LOG ] INIT File
---------------------------------------------------------------
[ 2022-12-05T16:37:43+08:00 ] 180.163.220.3 GET ksd.yunkew.net/search.html
[运行时间：0.049814s] [吞吐率：20.07req/s] [内存消耗：4,158.80kb] [文件加载：141]
[ info ] [ BEHAVIOR ] Run Closure @app_init [ RunTime:0.000015s ]
[ info ] [ CACHE ] INIT File
[ info ] [ BEHAVIOR ] Run Closure @app_init [ RunTime:0.000989s ]
[ info ] [ BEHAVIOR ] Run app\common\behavior\Common @app_init [ RunTime:0.000468s ]
[ info ] [ LANG ] /www/wwwroot/kbd.yunkew.net/thinkphp/lang/zh-cn.php
[ info ] [ BEHAVIOR ] Run app\common\behavior\Common @app_dispatch [ RunTime:0.000015s ]
[ info ] [ ROUTE ] array (
  'type' => 'module',
  'module' => 
  array (
    0 => 'index',
    1 => 'Index',
    2 => 'search',
  ),
  'convert' => false,
)
[ info ] [ HEADER ] array (
  'accept-encoding' => 'gzip, deflate',
  'accept' => 'text/html,application/xhtml+xml,application/xml;q=0.9,image/webp,image/apng,*/*;q=0.8',
  'upgrade-insecure-requests' => '1',
  'user-agent' => 'Mozilla/5.0 (Linux; Android 8.0.0; MHA-AL00 Build/HUAWEIMHA-AL00; wv) AppleWebKit/537.36 (KHTML, like Gecko) Version/4.0 Chrome/68.0.3440.91 Mobile Safari/537.36 BingWeb/6.9.6',
  'connection' => 'keep-alive',
  'host' => 'ksd.yunkew.net',
  'content-length' => '',
  'content-type' => '',
)
[ info ] [ PARAM ] array (
)
[ info ] [ LANG ] /www/wwwroot/kbd.yunkew.net/public/../application/index/lang/zh-cn.php
[ info ] [ BEHAVIOR ] Run app\common\behavior\Common @module_init [ RunTime:0.000894s ]
[ info ] [ LANG ] /www/wwwroot/kbd.yunkew.net/public/../application/index/lang/zh-cn/index.php
[ info ] [ RUN ] app\index\controller\Index->search[ /www/wwwroot/kbd.yunkew.net/application/index/controller/Index.php ]
[ info ] [ DB ] INIT mysql
[ info ] [ VIEW ] /www/wwwroot/kbd.yunkew.net/public/../application/index/view/index/search.html [ array (
  0 => 'user',
  1 => 'site',
  2 => 'config',
  3 => 'list',
  4 => 'pid',
  5 => 'key',
  6 => 'year',
  7 => 'channel',
) ]
[ info ] [ LOG ] INIT File
---------------------------------------------------------------
[ 2022-12-05T16:37:43+08:00 ] 180.163.29.79 GET ksd.yunkew.net/
[运行时间：0.053361s] [吞吐率：18.74req/s] [内存消耗：3,983.91kb] [文件加载：137]
[ info ] [ BEHAVIOR ] Run Closure @app_init [ RunTime:0.000101s ]
[ info ] [ CACHE ] INIT File
[ info ] [ BEHAVIOR ] Run Closure @app_init [ RunTime:0.001044s ]
[ info ] [ BEHAVIOR ] Run app\common\behavior\Common @app_init [ RunTime:0.000492s ]
[ info ] [ LANG ] /www/wwwroot/kbd.yunkew.net/thinkphp/lang/zh-cn.php
[ info ] [ BEHAVIOR ] Run app\common\behavior\Common @app_dispatch [ RunTime:0.000012s ]
[ info ] [ ROUTE ] array (
  'type' => 'module',
  'module' => 
  array (
    0 => '',
    1 => NULL,
    2 => NULL,
  ),
)
[ info ] [ HEADER ] array (
  'connection' => 'keep-alive',
  'host' => 'ksd.yunkew.net',
  'accept-language' => 'zh-CN,zh;q=0.8,en-US;q=0.6,en;q=0.4',
  'accept' => '*/*',
  'user-agent' => 'Mozilla/5.0 (Linux; Android 5.1.1; SM801 Build/LMY47V; wv) AppleWebKit/537.36 (KHTML, like Gecko) Version/4.0 Chrome/53.0.2785.49 Mobile MQQBrowser/6.2 TBS/043024 Safari/537.36 MicroMessenger/6.5.4.1000 NetType/4G Language/zh_CN',
  'content-length' => '',
  'content-type' => '',
)
[ info ] [ PARAM ] array (
)
[ info ] [ LANG ] /www/wwwroot/kbd.yunkew.net/public/../application/index/lang/zh-cn.php
[ info ] [ BEHAVIOR ] Run app\common\behavior\Common @module_init [ RunTime:0.001080s ]
[ info ] [ LANG ] /www/wwwroot/kbd.yunkew.net/public/../application/index/lang/zh-cn/index.php
[ info ] [ RUN ] app\index\controller\Index->index[ /www/wwwroot/kbd.yunkew.net/application/index/controller/Index.php ]
[ info ] [ DB ] INIT mysql
[ info ] [ VIEW ] /www/wwwroot/kbd.yunkew.net/public/../application/index/view/index/index.html [ array (
  0 => 'user',
  1 => 'site',
  2 => 'config',
  3 => 'channel',
  4 => 'views',
) ]
[ info ] [ LOG ] INIT File
---------------------------------------------------------------
[ 2022-12-05T16:37:43+08:00 ] 180.163.220.3 GET ksd.yunkew.net/search.html
[运行时间：0.048984s] [吞吐率：20.41req/s] [内存消耗：4,160.55kb] [文件加载：141]
[ info ] [ BEHAVIOR ] Run Closure @app_init [ RunTime:0.000014s ]
[ info ] [ CACHE ] INIT File
[ info ] [ BEHAVIOR ] Run Closure @app_init [ RunTime:0.001167s ]
[ info ] [ BEHAVIOR ] Run app\common\behavior\Common @app_init [ RunTime:0.000472s ]
[ info ] [ LANG ] /www/wwwroot/kbd.yunkew.net/thinkphp/lang/zh-cn.php
[ info ] [ BEHAVIOR ] Run app\common\behavior\Common @app_dispatch [ RunTime:0.000014s ]
[ info ] [ ROUTE ] array (
  'type' => 'module',
  'module' => 
  array (
    0 => 'index',
    1 => 'Index',
    2 => 'search',
  ),
  'convert' => false,
)
[ info ] [ HEADER ] array (
  'accept-encoding' => 'gzip, deflate',
  'referer' => 'http://baidu.com/',
  'accept' => 'text/html,application/xhtml+xml,application/xml;q=0.9,image/webp,image/apng,*/*;q=0.8',
  'user-agent' => 'Mozilla/5.0 (Linux; Android 8.0.0; MHA-AL00 Build/HUAWEIMHA-AL00; wv) AppleWebKit/537.36 (KHTML, like Gecko) Version/4.0 Chrome/68.0.3440.91 Mobile Safari/537.36 BingWeb/6.9.6',
  'upgrade-insecure-requests' => '1',
  'cache-control' => 'no-cache',
  'pragma' => 'no-cache',
  'connection' => 'keep-alive',
  'host' => 'ksd.yunkew.net',
  'content-length' => '',
  'content-type' => '',
)
[ info ] [ PARAM ] array (
)
[ info ] [ LANG ] /www/wwwroot/kbd.yunkew.net/public/../application/index/lang/zh-cn.php
[ info ] [ BEHAVIOR ] Run app\common\behavior\Common @module_init [ RunTime:0.000881s ]
[ info ] [ LANG ] /www/wwwroot/kbd.yunkew.net/public/../application/index/lang/zh-cn/index.php
[ info ] [ RUN ] app\index\controller\Index->search[ /www/wwwroot/kbd.yunkew.net/application/index/controller/Index.php ]
[ info ] [ DB ] INIT mysql
[ info ] [ VIEW ] /www/wwwroot/kbd.yunkew.net/public/../application/index/view/index/search.html [ array (
  0 => 'user',
  1 => 'site',
  2 => 'config',
  3 => 'list',
  4 => 'pid',
  5 => 'key',
  6 => 'year',
  7 => 'channel',
) ]
[ info ] [ LOG ] INIT File
---------------------------------------------------------------
[ 2022-12-05T16:37:45+08:00 ] 183.129.243.187 GET ksd.yunkew.net/search.html
[运行时间：0.062525s] [吞吐率：15.99req/s] [内存消耗：4,160.81kb] [文件加载：141]
[ info ] [ BEHAVIOR ] Run Closure @app_init [ RunTime:0.000018s ]
[ info ] [ CACHE ] INIT File
[ info ] [ BEHAVIOR ] Run Closure @app_init [ RunTime:0.001106s ]
[ info ] [ BEHAVIOR ] Run app\common\behavior\Common @app_init [ RunTime:0.000548s ]
[ info ] [ LANG ] /www/wwwroot/kbd.yunkew.net/thinkphp/lang/zh-cn.php
[ info ] [ BEHAVIOR ] Run app\common\behavior\Common @app_dispatch [ RunTime:0.000015s ]
[ info ] [ ROUTE ] array (
  'type' => 'module',
  'module' => 
  array (
    0 => 'index',
    1 => 'Index',
    2 => 'search',
  ),
  'convert' => false,
)
[ info ] [ HEADER ] array (
  'cookie' => 'thinkphp_show_page_trace=0|0',
  'accept-language' => 'zh-CN,zh;q=0.9,en;q=0.8',
  'accept-encoding' => 'gzip, deflate',
  'referer' => 'http://ksd.yunkew.net/browse.html',
  'accept' => 'text/html,application/xhtml+xml,application/xml;q=0.9,image/avif,image/webp,image/apng,*/*;q=0.8,application/signed-exchange;v=b3;q=0.9',
  'user-agent' => 'Mozilla/5.0 (Windows NT 10.0; Win64; x64) AppleWebKit/537.36 (KHTML, like Gecko) Chrome/97.0.4692.71 Safari/537.36',
  'upgrade-insecure-requests' => '1',
  'connection' => 'keep-alive',
  'host' => 'ksd.yunkew.net',
  'content-length' => '',
  'content-type' => '',
)
[ info ] [ PARAM ] array (
)
[ info ] [ LANG ] /www/wwwroot/kbd.yunkew.net/public/../application/index/lang/zh-cn.php
[ info ] [ BEHAVIOR ] Run app\common\behavior\Common @module_init [ RunTime:0.000981s ]
[ info ] [ LANG ] /www/wwwroot/kbd.yunkew.net/public/../application/index/lang/zh-cn/index.php
[ info ] [ RUN ] app\index\controller\Index->search[ /www/wwwroot/kbd.yunkew.net/application/index/controller/Index.php ]
[ info ] [ DB ] INIT mysql
[ info ] [ VIEW ] /www/wwwroot/kbd.yunkew.net/public/../application/index/view/index/search.html [ array (
  0 => 'user',
  1 => 'site',
  2 => 'config',
  3 => 'list',
  4 => 'pid',
  5 => 'key',
  6 => 'year',
  7 => 'channel',
) ]
[ info ] [ LOG ] INIT File
---------------------------------------------------------------
[ 2022-12-05T16:37:47+08:00 ] 183.129.243.187 GET ksd.yunkew.net/statistics.html
[运行时间：0.038633s] [吞吐率：25.88req/s] [内存消耗：3,105.48kb] [文件加载：132]
[ info ] [ BEHAVIOR ] Run Closure @app_init [ RunTime:0.000015s ]
[ info ] [ CACHE ] INIT File
[ info ] [ BEHAVIOR ] Run Closure @app_init [ RunTime:0.000969s ]
[ info ] [ BEHAVIOR ] Run app\common\behavior\Common @app_init [ RunTime:0.000469s ]
[ info ] [ LANG ] /www/wwwroot/kbd.yunkew.net/thinkphp/lang/zh-cn.php
[ info ] [ BEHAVIOR ] Run app\common\behavior\Common @app_dispatch [ RunTime:0.000013s ]
[ info ] [ ROUTE ] array (
  'type' => 'module',
  'module' => 
  array (
    0 => 'index',
    1 => 'Index',
    2 => 'statistics',
  ),
  'convert' => false,
)
[ info ] [ HEADER ] array (
  'cookie' => 'thinkphp_show_page_trace=0|0',
  'accept-language' => 'zh-CN,zh;q=0.9,en;q=0.8',
  'accept-encoding' => 'gzip, deflate',
  'referer' => 'http://ksd.yunkew.net/search.html',
  'accept' => 'text/html,application/xhtml+xml,application/xml;q=0.9,image/avif,image/webp,image/apng,*/*;q=0.8,application/signed-exchange;v=b3;q=0.9',
  'user-agent' => 'Mozilla/5.0 (Windows NT 10.0; Win64; x64) AppleWebKit/537.36 (KHTML, like Gecko) Chrome/97.0.4692.71 Safari/537.36',
  'upgrade-insecure-requests' => '1',
  'connection' => 'keep-alive',
  'host' => 'ksd.yunkew.net',
  'content-length' => '',
  'content-type' => '',
)
[ info ] [ PARAM ] array (
)
[ info ] [ LANG ] /www/wwwroot/kbd.yunkew.net/public/../application/index/lang/zh-cn.php
[ info ] [ BEHAVIOR ] Run app\common\behavior\Common @module_init [ RunTime:0.000882s ]
[ info ] [ LANG ] /www/wwwroot/kbd.yunkew.net/public/../application/index/lang/zh-cn/index.php
[ info ] [ RUN ] app\index\controller\Index->statistics[ /www/wwwroot/kbd.yunkew.net/application/index/controller/Index.php ]
[ info ] [ VIEW ] /www/wwwroot/kbd.yunkew.net/public/../application/index/view/index/statistics.html [ array (
  0 => 'user',
  1 => 'site',
  2 => 'config',
  3 => 'channel',
) ]
[ info ] [ LOG ] INIT File
---------------------------------------------------------------
[ 2022-12-05T16:37:48+08:00 ] 183.129.243.187 GET ksd.yunkew.net/download.html
[运行时间：0.050345s] [吞吐率：19.86req/s] [内存消耗：3,105.68kb] [文件加载：132]
[ info ] [ BEHAVIOR ] Run Closure @app_init [ RunTime:0.000018s ]
[ info ] [ CACHE ] INIT File
[ info ] [ BEHAVIOR ] Run Closure @app_init [ RunTime:0.001354s ]
[ info ] [ BEHAVIOR ] Run app\common\behavior\Common @app_init [ RunTime:0.000648s ]
[ info ] [ LANG ] /www/wwwroot/kbd.yunkew.net/thinkphp/lang/zh-cn.php
[ info ] [ BEHAVIOR ] Run app\common\behavior\Common @app_dispatch [ RunTime:0.000017s ]
[ info ] [ ROUTE ] array (
  'type' => 'module',
  'module' => 
  array (
    0 => 'index',
    1 => 'Index',
    2 => 'download',
  ),
  'convert' => false,
)
[ info ] [ HEADER ] array (
  'cookie' => 'thinkphp_show_page_trace=0|0',
  'accept-language' => 'zh-CN,zh;q=0.9,en;q=0.8',
  'accept-encoding' => 'gzip, deflate',
  'referer' => 'http://ksd.yunkew.net/statistics.html',
  'accept' => 'text/html,application/xhtml+xml,application/xml;q=0.9,image/avif,image/webp,image/apng,*/*;q=0.8,application/signed-exchange;v=b3;q=0.9',
  'user-agent' => 'Mozilla/5.0 (Windows NT 10.0; Win64; x64) AppleWebKit/537.36 (KHTML, like Gecko) Chrome/97.0.4692.71 Safari/537.36',
  'upgrade-insecure-requests' => '1',
  'connection' => 'keep-alive',
  'host' => 'ksd.yunkew.net',
  'content-length' => '',
  'content-type' => '',
)
[ info ] [ PARAM ] array (
)
[ info ] [ LANG ] /www/wwwroot/kbd.yunkew.net/public/../application/index/lang/zh-cn.php
[ info ] [ BEHAVIOR ] Run app\common\behavior\Common @module_init [ RunTime:0.001325s ]
[ info ] [ LANG ] /www/wwwroot/kbd.yunkew.net/public/../application/index/lang/zh-cn/index.php
[ info ] [ RUN ] app\index\controller\Index->download[ /www/wwwroot/kbd.yunkew.net/application/index/controller/Index.php ]
[ info ] [ VIEW ] /www/wwwroot/kbd.yunkew.net/public/../application/index/view/index/download.html [ array (
  0 => 'user',
  1 => 'site',
  2 => 'config',
  3 => 'channel',
) ]
[ info ] [ LOG ] INIT File
---------------------------------------------------------------
[ 2022-12-05T16:37:48+08:00 ] 183.129.243.187 GET ksd.yunkew.net/about.html
[运行时间：0.042660s] [吞吐率：23.44req/s] [内存消耗：3,106.67kb] [文件加载：132]
[ info ] [ BEHAVIOR ] Run Closure @app_init [ RunTime:0.000017s ]
[ info ] [ CACHE ] INIT File
[ info ] [ BEHAVIOR ] Run Closure @app_init [ RunTime:0.001094s ]
[ info ] [ BEHAVIOR ] Run app\common\behavior\Common @app_init [ RunTime:0.000522s ]
[ info ] [ LANG ] /www/wwwroot/kbd.yunkew.net/thinkphp/lang/zh-cn.php
[ info ] [ BEHAVIOR ] Run app\common\behavior\Common @app_dispatch [ RunTime:0.000015s ]
[ info ] [ ROUTE ] array (
  'type' => 'module',
  'module' => 
  array (
    0 => 'index',
    1 => 'Index',
    2 => 'about',
  ),
  'convert' => false,
)
[ info ] [ HEADER ] array (
  'cookie' => 'thinkphp_show_page_trace=0|0',
  'accept-language' => 'zh-CN,zh;q=0.9,en;q=0.8',
  'accept-encoding' => 'gzip, deflate',
  'referer' => 'http://ksd.yunkew.net/download.html',
  'accept' => 'text/html,application/xhtml+xml,application/xml;q=0.9,image/avif,image/webp,image/apng,*/*;q=0.8,application/signed-exchange;v=b3;q=0.9',
  'user-agent' => 'Mozilla/5.0 (Windows NT 10.0; Win64; x64) AppleWebKit/537.36 (KHTML, like Gecko) Chrome/97.0.4692.71 Safari/537.36',
  'upgrade-insecure-requests' => '1',
  'connection' => 'keep-alive',
  'host' => 'ksd.yunkew.net',
  'content-length' => '',
  'content-type' => '',
)
[ info ] [ PARAM ] array (
)
[ info ] [ LANG ] /www/wwwroot/kbd.yunkew.net/public/../application/index/lang/zh-cn.php
[ info ] [ BEHAVIOR ] Run app\common\behavior\Common @module_init [ RunTime:0.000990s ]
[ info ] [ LANG ] /www/wwwroot/kbd.yunkew.net/public/../application/index/lang/zh-cn/index.php
[ info ] [ RUN ] app\index\controller\Index->about[ /www/wwwroot/kbd.yunkew.net/application/index/controller/Index.php ]
[ info ] [ VIEW ] /www/wwwroot/kbd.yunkew.net/public/../application/index/view/index/about.html [ array (
  0 => 'user',
  1 => 'site',
  2 => 'config',
  3 => 'channel',
) ]
[ info ] [ LOG ] INIT File
---------------------------------------------------------------
[ 2022-12-05T16:37:50+08:00 ] 42.236.10.114 GET ksd.yunkew.net/browse.html
[运行时间：0.052415s] [吞吐率：19.08req/s] [内存消耗：4,489.91kb] [文件加载：132]
[ info ] [ BEHAVIOR ] Run Closure @app_init [ RunTime:0.000015s ]
[ info ] [ CACHE ] INIT File
[ info ] [ BEHAVIOR ] Run Closure @app_init [ RunTime:0.000997s ]
[ info ] [ BEHAVIOR ] Run app\common\behavior\Common @app_init [ RunTime:0.000467s ]
[ info ] [ LANG ] /www/wwwroot/kbd.yunkew.net/thinkphp/lang/zh-cn.php
[ info ] [ BEHAVIOR ] Run app\common\behavior\Common @app_dispatch [ RunTime:0.000014s ]
[ info ] [ ROUTE ] array (
  'type' => 'module',
  'module' => 
  array (
    0 => 'index',
    1 => 'Index',
    2 => 'browse',
  ),
  'convert' => false,
)
[ info ] [ HEADER ] array (
  'accept-encoding' => 'gzip, deflate',
  'accept' => 'text/html,application/xhtml+xml,application/xml;q=0.9,image/webp,image/apng,*/*;q=0.8',
  'upgrade-insecure-requests' => '1',
  'user-agent' => 'Mozilla/5.0 (Linux; Android 8.0.0; MHA-AL00 Build/HUAWEIMHA-AL00; wv) AppleWebKit/537.36 (KHTML, like Gecko) Version/4.0 Chrome/68.0.3440.91 Mobile Safari/537.36 BingWeb/6.9.6',
  'connection' => 'keep-alive',
  'host' => 'ksd.yunkew.net',
  'content-length' => '',
  'content-type' => '',
)
[ info ] [ PARAM ] array (
)
[ info ] [ LANG ] /www/wwwroot/kbd.yunkew.net/public/../application/index/lang/zh-cn.php
[ info ] [ BEHAVIOR ] Run app\common\behavior\Common @module_init [ RunTime:0.000904s ]
[ info ] [ LANG ] /www/wwwroot/kbd.yunkew.net/public/../application/index/lang/zh-cn/index.php
[ info ] [ RUN ] app\index\controller\Index->browse[ /www/wwwroot/kbd.yunkew.net/application/index/controller/Index.php ]
[ info ] [ VIEW ] /www/wwwroot/kbd.yunkew.net/public/../application/index/view/index/browse.html [ array (
  0 => 'user',
  1 => 'site',
  2 => 'config',
  3 => 'channel',
) ]
[ info ] [ LOG ] INIT File
---------------------------------------------------------------
[ 2022-12-05T16:37:50+08:00 ] 42.236.10.117 GET ksd.yunkew.net/browse.html
[运行时间：0.053164s] [吞吐率：18.81req/s] [内存消耗：4,491.91kb] [文件加载：132]
[ info ] [ BEHAVIOR ] Run Closure @app_init [ RunTime:0.000015s ]
[ info ] [ CACHE ] INIT File
[ info ] [ BEHAVIOR ] Run Closure @app_init [ RunTime:0.001011s ]
[ info ] [ BEHAVIOR ] Run app\common\behavior\Common @app_init [ RunTime:0.000477s ]
[ info ] [ LANG ] /www/wwwroot/kbd.yunkew.net/thinkphp/lang/zh-cn.php
[ info ] [ BEHAVIOR ] Run app\common\behavior\Common @app_dispatch [ RunTime:0.000015s ]
[ info ] [ ROUTE ] array (
  'type' => 'module',
  'module' => 
  array (
    0 => 'index',
    1 => 'Index',
    2 => 'browse',
  ),
  'convert' => false,
)
[ info ] [ HEADER ] array (
  'accept-encoding' => 'gzip, deflate',
  'referer' => 'http://baidu.com/',
  'accept' => 'text/html,application/xhtml+xml,application/xml;q=0.9,image/webp,image/apng,*/*;q=0.8',
  'user-agent' => 'Mozilla/5.0 (Linux; Android 8.0.0; MHA-AL00 Build/HUAWEIMHA-AL00; wv) AppleWebKit/537.36 (KHTML, like Gecko) Version/4.0 Chrome/68.0.3440.91 Mobile Safari/537.36 BingWeb/6.9.6',
  'upgrade-insecure-requests' => '1',
  'cache-control' => 'no-cache',
  'pragma' => 'no-cache',
  'connection' => 'keep-alive',
  'host' => 'ksd.yunkew.net',
  'content-length' => '',
  'content-type' => '',
)
[ info ] [ PARAM ] array (
)
[ info ] [ LANG ] /www/wwwroot/kbd.yunkew.net/public/../application/index/lang/zh-cn.php
[ info ] [ BEHAVIOR ] Run app\common\behavior\Common @module_init [ RunTime:0.000905s ]
[ info ] [ LANG ] /www/wwwroot/kbd.yunkew.net/public/../application/index/lang/zh-cn/index.php
[ info ] [ RUN ] app\index\controller\Index->browse[ /www/wwwroot/kbd.yunkew.net/application/index/controller/Index.php ]
[ info ] [ VIEW ] /www/wwwroot/kbd.yunkew.net/public/../application/index/view/index/browse.html [ array (
  0 => 'user',
  1 => 'site',
  2 => 'config',
  3 => 'channel',
) ]
[ info ] [ LOG ] INIT File
---------------------------------------------------------------
[ 2022-12-05T16:38:06+08:00 ] 183.129.243.187 GET ksd.yunkew.net/
[运行时间：0.046257s] [吞吐率：21.62req/s] [内存消耗：3,985.30kb] [文件加载：137]
[ info ] [ BEHAVIOR ] Run Closure @app_init [ RunTime:0.000015s ]
[ info ] [ CACHE ] INIT File
[ info ] [ BEHAVIOR ] Run Closure @app_init [ RunTime:0.000989s ]
[ info ] [ BEHAVIOR ] Run app\common\behavior\Common @app_init [ RunTime:0.000475s ]
[ info ] [ LANG ] /www/wwwroot/kbd.yunkew.net/thinkphp/lang/zh-cn.php
[ info ] [ BEHAVIOR ] Run app\common\behavior\Common @app_dispatch [ RunTime:0.000012s ]
[ info ] [ ROUTE ] array (
  'type' => 'module',
  'module' => 
  array (
    0 => '',
    1 => NULL,
    2 => NULL,
  ),
)
[ info ] [ HEADER ] array (
  'cookie' => 'thinkphp_show_page_trace=0|0',
  'accept-language' => 'zh-CN,zh;q=0.9,en;q=0.8',
  'accept-encoding' => 'gzip, deflate',
  'referer' => 'http://ksd.yunkew.net/about.html',
  'accept' => 'text/html,application/xhtml+xml,application/xml;q=0.9,image/avif,image/webp,image/apng,*/*;q=0.8,application/signed-exchange;v=b3;q=0.9',
  'user-agent' => 'Mozilla/5.0 (Windows NT 10.0; Win64; x64) AppleWebKit/537.36 (KHTML, like Gecko) Chrome/97.0.4692.71 Safari/537.36',
  'upgrade-insecure-requests' => '1',
  'connection' => 'keep-alive',
  'host' => 'ksd.yunkew.net',
  'content-length' => '',
  'content-type' => '',
)
[ info ] [ PARAM ] array (
)
[ info ] [ LANG ] /www/wwwroot/kbd.yunkew.net/public/../application/index/lang/zh-cn.php
[ info ] [ BEHAVIOR ] Run app\common\behavior\Common @module_init [ RunTime:0.000889s ]
[ info ] [ LANG ] /www/wwwroot/kbd.yunkew.net/public/../application/index/lang/zh-cn/index.php
[ info ] [ RUN ] app\index\controller\Index->index[ /www/wwwroot/kbd.yunkew.net/application/index/controller/Index.php ]
[ info ] [ DB ] INIT mysql
[ info ] [ VIEW ] /www/wwwroot/kbd.yunkew.net/public/../application/index/view/index/index.html [ array (
  0 => 'user',
  1 => 'site',
  2 => 'config',
  3 => 'channel',
  4 => 'views',
) ]
[ info ] [ LOG ] INIT File
---------------------------------------------------------------
[ 2022-12-05T16:38:20+08:00 ] 183.129.243.187 GET ksd.yunkew.net/
[运行时间：0.044884s] [吞吐率：22.28req/s] [内存消耗：3,985.38kb] [文件加载：137]
[ info ] [ BEHAVIOR ] Run Closure @app_init [ RunTime:0.000015s ]
[ info ] [ CACHE ] INIT File
[ info ] [ BEHAVIOR ] Run Closure @app_init [ RunTime:0.000982s ]
[ info ] [ BEHAVIOR ] Run app\common\behavior\Common @app_init [ RunTime:0.000461s ]
[ info ] [ LANG ] /www/wwwroot/kbd.yunkew.net/thinkphp/lang/zh-cn.php
[ info ] [ BEHAVIOR ] Run app\common\behavior\Common @app_dispatch [ RunTime:0.000013s ]
[ info ] [ ROUTE ] array (
  'type' => 'module',
  'module' => 
  array (
    0 => '',
    1 => NULL,
    2 => NULL,
  ),
)
[ info ] [ HEADER ] array (
  'cookie' => 'thinkphp_show_page_trace=0|0',
  'accept-language' => 'zh-CN,zh;q=0.9,en;q=0.8',
  'accept-encoding' => 'gzip, deflate',
  'referer' => 'http://ksd.yunkew.net/about.html',
  'accept' => 'text/html,application/xhtml+xml,application/xml;q=0.9,image/avif,image/webp,image/apng,*/*;q=0.8,application/signed-exchange;v=b3;q=0.9',
  'user-agent' => 'Mozilla/5.0 (Windows NT 10.0; Win64; x64) AppleWebKit/537.36 (KHTML, like Gecko) Chrome/97.0.4692.71 Safari/537.36',
  'upgrade-insecure-requests' => '1',
  'cache-control' => 'max-age=0',
  'connection' => 'keep-alive',
  'host' => 'ksd.yunkew.net',
  'content-length' => '',
  'content-type' => '',
)
[ info ] [ PARAM ] array (
)
[ info ] [ LANG ] /www/wwwroot/kbd.yunkew.net/public/../application/index/lang/zh-cn.php
[ info ] [ BEHAVIOR ] Run app\common\behavior\Common @module_init [ RunTime:0.000908s ]
[ info ] [ LANG ] /www/wwwroot/kbd.yunkew.net/public/../application/index/lang/zh-cn/index.php
[ info ] [ RUN ] app\index\controller\Index->index[ /www/wwwroot/kbd.yunkew.net/application/index/controller/Index.php ]
[ info ] [ DB ] INIT mysql
[ info ] [ VIEW ] /www/wwwroot/kbd.yunkew.net/public/../application/index/view/index/index.html [ array (
  0 => 'user',
  1 => 'site',
  2 => 'config',
  3 => 'channel',
  4 => 'views',
) ]
[ info ] [ LOG ] INIT File
---------------------------------------------------------------
[ 2022-12-05T16:39:33+08:00 ] 183.129.243.187 GET ksd.yunkew.net/browse.html
[运行时间：0.061871s] [吞吐率：16.16req/s] [内存消耗：4,492.16kb] [文件加载：132]
[ info ] [ BEHAVIOR ] Run Closure @app_init [ RunTime:0.000017s ]
[ info ] [ CACHE ] INIT File
[ info ] [ BEHAVIOR ] Run Closure @app_init [ RunTime:0.001020s ]
[ info ] [ BEHAVIOR ] Run app\common\behavior\Common @app_init [ RunTime:0.000484s ]
[ info ] [ LANG ] /www/wwwroot/kbd.yunkew.net/thinkphp/lang/zh-cn.php
[ info ] [ BEHAVIOR ] Run app\common\behavior\Common @app_dispatch [ RunTime:0.000015s ]
[ info ] [ ROUTE ] array (
  'type' => 'module',
  'module' => 
  array (
    0 => 'index',
    1 => 'Index',
    2 => 'browse',
  ),
  'convert' => false,
)
[ info ] [ HEADER ] array (
  'cookie' => 'thinkphp_show_page_trace=0|5',
  'accept-language' => 'zh-CN,zh;q=0.9,en;q=0.8',
  'accept-encoding' => 'gzip, deflate',
  'referer' => 'http://ksd.yunkew.net/',
  'accept' => 'text/html,application/xhtml+xml,application/xml;q=0.9,image/avif,image/webp,image/apng,*/*;q=0.8,application/signed-exchange;v=b3;q=0.9',
  'user-agent' => 'Mozilla/5.0 (Windows NT 10.0; Win64; x64) AppleWebKit/537.36 (KHTML, like Gecko) Chrome/97.0.4692.71 Safari/537.36',
  'upgrade-insecure-requests' => '1',
  'connection' => 'keep-alive',
  'host' => 'ksd.yunkew.net',
  'content-length' => '',
  'content-type' => '',
)
[ info ] [ PARAM ] array (
)
[ info ] [ LANG ] /www/wwwroot/kbd.yunkew.net/public/../application/index/lang/zh-cn.php
[ info ] [ BEHAVIOR ] Run app\common\behavior\Common @module_init [ RunTime:0.000914s ]
[ info ] [ LANG ] /www/wwwroot/kbd.yunkew.net/public/../application/index/lang/zh-cn/index.php
[ info ] [ RUN ] app\index\controller\Index->browse[ /www/wwwroot/kbd.yunkew.net/application/index/controller/Index.php ]
[ info ] [ VIEW ] /www/wwwroot/kbd.yunkew.net/public/../application/index/view/index/browse.html [ array (
  0 => 'user',
  1 => 'site',
  2 => 'config',
  3 => 'channel',
) ]
[ info ] [ LOG ] INIT File
---------------------------------------------------------------
[ 2022-12-05T16:39:34+08:00 ] 183.129.243.187 GET ksd.yunkew.net/search.html
[运行时间：0.051630s] [吞吐率：19.37req/s] [内存消耗：4,160.81kb] [文件加载：141]
[ info ] [ BEHAVIOR ] Run Closure @app_init [ RunTime:0.000015s ]
[ info ] [ CACHE ] INIT File
[ info ] [ BEHAVIOR ] Run Closure @app_init [ RunTime:0.001054s ]
[ info ] [ BEHAVIOR ] Run app\common\behavior\Common @app_init [ RunTime:0.000474s ]
[ info ] [ LANG ] /www/wwwroot/kbd.yunkew.net/thinkphp/lang/zh-cn.php
[ info ] [ BEHAVIOR ] Run app\common\behavior\Common @app_dispatch [ RunTime:0.000013s ]
[ info ] [ ROUTE ] array (
  'type' => 'module',
  'module' => 
  array (
    0 => 'index',
    1 => 'Index',
    2 => 'search',
  ),
  'convert' => false,
)
[ info ] [ HEADER ] array (
  'cookie' => 'thinkphp_show_page_trace=0|5',
  'accept-language' => 'zh-CN,zh;q=0.9,en;q=0.8',
  'accept-encoding' => 'gzip, deflate',
  'referer' => 'http://ksd.yunkew.net/browse.html',
  'accept' => 'text/html,application/xhtml+xml,application/xml;q=0.9,image/avif,image/webp,image/apng,*/*;q=0.8,application/signed-exchange;v=b3;q=0.9',
  'user-agent' => 'Mozilla/5.0 (Windows NT 10.0; Win64; x64) AppleWebKit/537.36 (KHTML, like Gecko) Chrome/97.0.4692.71 Safari/537.36',
  'upgrade-insecure-requests' => '1',
  'connection' => 'keep-alive',
  'host' => 'ksd.yunkew.net',
  'content-length' => '',
  'content-type' => '',
)
[ info ] [ PARAM ] array (
)
[ info ] [ LANG ] /www/wwwroot/kbd.yunkew.net/public/../application/index/lang/zh-cn.php
[ info ] [ BEHAVIOR ] Run app\common\behavior\Common @module_init [ RunTime:0.000892s ]
[ info ] [ LANG ] /www/wwwroot/kbd.yunkew.net/public/../application/index/lang/zh-cn/index.php
[ info ] [ RUN ] app\index\controller\Index->search[ /www/wwwroot/kbd.yunkew.net/application/index/controller/Index.php ]
[ info ] [ DB ] INIT mysql
[ info ] [ VIEW ] /www/wwwroot/kbd.yunkew.net/public/../application/index/view/index/search.html [ array (
  0 => 'user',
  1 => 'site',
  2 => 'config',
  3 => 'list',
  4 => 'pid',
  5 => 'key',
  6 => 'year',
  7 => 'channel',
) ]
[ info ] [ LOG ] INIT File
---------------------------------------------------------------
[ 2022-12-05T16:39:35+08:00 ] 183.129.243.187 GET ksd.yunkew.net/statistics.html
[运行时间：0.049775s] [吞吐率：20.09req/s] [内存消耗：3,105.48kb] [文件加载：132]
[ info ] [ BEHAVIOR ] Run Closure @app_init [ RunTime:0.000016s ]
[ info ] [ CACHE ] INIT File
[ info ] [ BEHAVIOR ] Run Closure @app_init [ RunTime:0.001360s ]
[ info ] [ BEHAVIOR ] Run app\common\behavior\Common @app_init [ RunTime:0.000632s ]
[ info ] [ LANG ] /www/wwwroot/kbd.yunkew.net/thinkphp/lang/zh-cn.php
[ info ] [ BEHAVIOR ] Run app\common\behavior\Common @app_dispatch [ RunTime:0.000017s ]
[ info ] [ ROUTE ] array (
  'type' => 'module',
  'module' => 
  array (
    0 => 'index',
    1 => 'Index',
    2 => 'statistics',
  ),
  'convert' => false,
)
[ info ] [ HEADER ] array (
  'cookie' => 'thinkphp_show_page_trace=0|5',
  'accept-language' => 'zh-CN,zh;q=0.9,en;q=0.8',
  'accept-encoding' => 'gzip, deflate',
  'referer' => 'http://ksd.yunkew.net/search.html',
  'accept' => 'text/html,application/xhtml+xml,application/xml;q=0.9,image/avif,image/webp,image/apng,*/*;q=0.8,application/signed-exchange;v=b3;q=0.9',
  'user-agent' => 'Mozilla/5.0 (Windows NT 10.0; Win64; x64) AppleWebKit/537.36 (KHTML, like Gecko) Chrome/97.0.4692.71 Safari/537.36',
  'upgrade-insecure-requests' => '1',
  'connection' => 'keep-alive',
  'host' => 'ksd.yunkew.net',
  'content-length' => '',
  'content-type' => '',
)
[ info ] [ PARAM ] array (
)
[ info ] [ LANG ] /www/wwwroot/kbd.yunkew.net/public/../application/index/lang/zh-cn.php
[ info ] [ BEHAVIOR ] Run app\common\behavior\Common @module_init [ RunTime:0.001323s ]
[ info ] [ LANG ] /www/wwwroot/kbd.yunkew.net/public/../application/index/lang/zh-cn/index.php
[ info ] [ RUN ] app\index\controller\Index->statistics[ /www/wwwroot/kbd.yunkew.net/application/index/controller/Index.php ]
[ info ] [ VIEW ] /www/wwwroot/kbd.yunkew.net/public/../application/index/view/index/statistics.html [ array (
  0 => 'user',
  1 => 'site',
  2 => 'config',
  3 => 'channel',
) ]
[ info ] [ LOG ] INIT File
---------------------------------------------------------------
[ 2022-12-05T16:39:36+08:00 ] 183.129.243.187 GET ksd.yunkew.net/download.html
[运行时间：0.036106s] [吞吐率：27.70req/s] [内存消耗：3,105.68kb] [文件加载：132]
[ info ] [ BEHAVIOR ] Run Closure @app_init [ RunTime:0.000014s ]
[ info ] [ CACHE ] INIT File
[ info ] [ BEHAVIOR ] Run Closure @app_init [ RunTime:0.000983s ]
[ info ] [ BEHAVIOR ] Run app\common\behavior\Common @app_init [ RunTime:0.000476s ]
[ info ] [ LANG ] /www/wwwroot/kbd.yunkew.net/thinkphp/lang/zh-cn.php
[ info ] [ BEHAVIOR ] Run app\common\behavior\Common @app_dispatch [ RunTime:0.000014s ]
[ info ] [ ROUTE ] array (
  'type' => 'module',
  'module' => 
  array (
    0 => 'index',
    1 => 'Index',
    2 => 'download',
  ),
  'convert' => false,
)
[ info ] [ HEADER ] array (
  'cookie' => 'thinkphp_show_page_trace=0|5',
  'accept-language' => 'zh-CN,zh;q=0.9,en;q=0.8',
  'accept-encoding' => 'gzip, deflate',
  'referer' => 'http://ksd.yunkew.net/statistics.html',
  'accept' => 'text/html,application/xhtml+xml,application/xml;q=0.9,image/avif,image/webp,image/apng,*/*;q=0.8,application/signed-exchange;v=b3;q=0.9',
  'user-agent' => 'Mozilla/5.0 (Windows NT 10.0; Win64; x64) AppleWebKit/537.36 (KHTML, like Gecko) Chrome/97.0.4692.71 Safari/537.36',
  'upgrade-insecure-requests' => '1',
  'connection' => 'keep-alive',
  'host' => 'ksd.yunkew.net',
  'content-length' => '',
  'content-type' => '',
)
[ info ] [ PARAM ] array (
)
[ info ] [ LANG ] /www/wwwroot/kbd.yunkew.net/public/../application/index/lang/zh-cn.php
[ info ] [ BEHAVIOR ] Run app\common\behavior\Common @module_init [ RunTime:0.000897s ]
[ info ] [ LANG ] /www/wwwroot/kbd.yunkew.net/public/../application/index/lang/zh-cn/index.php
[ info ] [ RUN ] app\index\controller\Index->download[ /www/wwwroot/kbd.yunkew.net/application/index/controller/Index.php ]
[ info ] [ VIEW ] /www/wwwroot/kbd.yunkew.net/public/../application/index/view/index/download.html [ array (
  0 => 'user',
  1 => 'site',
  2 => 'config',
  3 => 'channel',
) ]
[ info ] [ LOG ] INIT File
---------------------------------------------------------------
[ 2022-12-05T16:39:37+08:00 ] 183.129.243.187 GET ksd.yunkew.net/about.html
[运行时间：0.049736s] [吞吐率：20.11req/s] [内存消耗：3,106.67kb] [文件加载：132]
[ info ] [ BEHAVIOR ] Run Closure @app_init [ RunTime:0.000017s ]
[ info ] [ CACHE ] INIT File
[ info ] [ BEHAVIOR ] Run Closure @app_init [ RunTime:0.001355s ]
[ info ] [ BEHAVIOR ] Run app\common\behavior\Common @app_init [ RunTime:0.000642s ]
[ info ] [ LANG ] /www/wwwroot/kbd.yunkew.net/thinkphp/lang/zh-cn.php
[ info ] [ BEHAVIOR ] Run app\common\behavior\Common @app_dispatch [ RunTime:0.000018s ]
[ info ] [ ROUTE ] array (
  'type' => 'module',
  'module' => 
  array (
    0 => 'index',
    1 => 'Index',
    2 => 'about',
  ),
  'convert' => false,
)
[ info ] [ HEADER ] array (
  'cookie' => 'thinkphp_show_page_trace=0|5',
  'accept-language' => 'zh-CN,zh;q=0.9,en;q=0.8',
  'accept-encoding' => 'gzip, deflate',
  'referer' => 'http://ksd.yunkew.net/download.html',
  'accept' => 'text/html,application/xhtml+xml,application/xml;q=0.9,image/avif,image/webp,image/apng,*/*;q=0.8,application/signed-exchange;v=b3;q=0.9',
  'user-agent' => 'Mozilla/5.0 (Windows NT 10.0; Win64; x64) AppleWebKit/537.36 (KHTML, like Gecko) Chrome/97.0.4692.71 Safari/537.36',
  'upgrade-insecure-requests' => '1',
  'connection' => 'keep-alive',
  'host' => 'ksd.yunkew.net',
  'content-length' => '',
  'content-type' => '',
)
[ info ] [ PARAM ] array (
)
[ info ] [ LANG ] /www/wwwroot/kbd.yunkew.net/public/../application/index/lang/zh-cn.php
[ info ] [ BEHAVIOR ] Run app\common\behavior\Common @module_init [ RunTime:0.001295s ]
[ info ] [ LANG ] /www/wwwroot/kbd.yunkew.net/public/../application/index/lang/zh-cn/index.php
[ info ] [ RUN ] app\index\controller\Index->about[ /www/wwwroot/kbd.yunkew.net/application/index/controller/Index.php ]
[ info ] [ VIEW ] /www/wwwroot/kbd.yunkew.net/public/../application/index/view/index/about.html [ array (
  0 => 'user',
  1 => 'site',
  2 => 'config',
  3 => 'channel',
) ]
[ info ] [ LOG ] INIT File
---------------------------------------------------------------
[ 2022-12-05T16:39:38+08:00 ] 183.129.243.187 GET ksd.yunkew.net/
[运行时间：0.058683s] [吞吐率：17.04req/s] [内存消耗：3,985.30kb] [文件加载：137]
[ info ] [ BEHAVIOR ] Run Closure @app_init [ RunTime:0.000017s ]
[ info ] [ CACHE ] INIT File
[ info ] [ BEHAVIOR ] Run Closure @app_init [ RunTime:0.001344s ]
[ info ] [ BEHAVIOR ] Run app\common\behavior\Common @app_init [ RunTime:0.000639s ]
[ info ] [ LANG ] /www/wwwroot/kbd.yunkew.net/thinkphp/lang/zh-cn.php
[ info ] [ BEHAVIOR ] Run app\common\behavior\Common @app_dispatch [ RunTime:0.000014s ]
[ info ] [ ROUTE ] array (
  'type' => 'module',
  'module' => 
  array (
    0 => '',
    1 => NULL,
    2 => NULL,
  ),
)
[ info ] [ HEADER ] array (
  'cookie' => 'thinkphp_show_page_trace=0|5',
  'accept-language' => 'zh-CN,zh;q=0.9,en;q=0.8',
  'accept-encoding' => 'gzip, deflate',
  'referer' => 'http://ksd.yunkew.net/about.html',
  'accept' => 'text/html,application/xhtml+xml,application/xml;q=0.9,image/avif,image/webp,image/apng,*/*;q=0.8,application/signed-exchange;v=b3;q=0.9',
  'user-agent' => 'Mozilla/5.0 (Windows NT 10.0; Win64; x64) AppleWebKit/537.36 (KHTML, like Gecko) Chrome/97.0.4692.71 Safari/537.36',
  'upgrade-insecure-requests' => '1',
  'connection' => 'keep-alive',
  'host' => 'ksd.yunkew.net',
  'content-length' => '',
  'content-type' => '',
)
[ info ] [ PARAM ] array (
)
[ info ] [ LANG ] /www/wwwroot/kbd.yunkew.net/public/../application/index/lang/zh-cn.php
[ info ] [ BEHAVIOR ] Run app\common\behavior\Common @module_init [ RunTime:0.001310s ]
[ info ] [ LANG ] /www/wwwroot/kbd.yunkew.net/public/../application/index/lang/zh-cn/index.php
[ info ] [ RUN ] app\index\controller\Index->index[ /www/wwwroot/kbd.yunkew.net/application/index/controller/Index.php ]
[ info ] [ DB ] INIT mysql
[ info ] [ VIEW ] /www/wwwroot/kbd.yunkew.net/public/../application/index/view/index/index.html [ array (
  0 => 'user',
  1 => 'site',
  2 => 'config',
  3 => 'channel',
  4 => 'views',
) ]
[ info ] [ LOG ] INIT File
---------------------------------------------------------------
[ 2022-12-05T16:43:21+08:00 ] 183.129.243.187 GET ksd.yunkew.net/browse.html
[运行时间：0.055151s] [吞吐率：18.13req/s] [内存消耗：4,492.16kb] [文件加载：132]
[ info ] [ BEHAVIOR ] Run Closure @app_init [ RunTime:0.000016s ]
[ info ] [ CACHE ] INIT File
[ info ] [ BEHAVIOR ] Run Closure @app_init [ RunTime:0.001015s ]
[ info ] [ BEHAVIOR ] Run app\common\behavior\Common @app_init [ RunTime:0.000462s ]
[ info ] [ LANG ] /www/wwwroot/kbd.yunkew.net/thinkphp/lang/zh-cn.php
[ info ] [ BEHAVIOR ] Run app\common\behavior\Common @app_dispatch [ RunTime:0.000013s ]
[ info ] [ ROUTE ] array (
  'type' => 'module',
  'module' => 
  array (
    0 => 'index',
    1 => 'Index',
    2 => 'browse',
  ),
  'convert' => false,
)
[ info ] [ HEADER ] array (
  'cookie' => 'thinkphp_show_page_trace=0|5',
  'accept-language' => 'zh-CN,zh;q=0.9,en;q=0.8',
  'accept-encoding' => 'gzip, deflate',
  'referer' => 'http://ksd.yunkew.net/',
  'accept' => 'text/html,application/xhtml+xml,application/xml;q=0.9,image/avif,image/webp,image/apng,*/*;q=0.8,application/signed-exchange;v=b3;q=0.9',
  'user-agent' => 'Mozilla/5.0 (Windows NT 10.0; Win64; x64) AppleWebKit/537.36 (KHTML, like Gecko) Chrome/97.0.4692.71 Safari/537.36',
  'upgrade-insecure-requests' => '1',
  'connection' => 'keep-alive',
  'host' => 'ksd.yunkew.net',
  'content-length' => '',
  'content-type' => '',
)
[ info ] [ PARAM ] array (
)
[ info ] [ LANG ] /www/wwwroot/kbd.yunkew.net/public/../application/index/lang/zh-cn.php
[ info ] [ BEHAVIOR ] Run app\common\behavior\Common @module_init [ RunTime:0.000942s ]
[ info ] [ LANG ] /www/wwwroot/kbd.yunkew.net/public/../application/index/lang/zh-cn/index.php
[ info ] [ RUN ] app\index\controller\Index->browse[ /www/wwwroot/kbd.yunkew.net/application/index/controller/Index.php ]
[ info ] [ VIEW ] /www/wwwroot/kbd.yunkew.net/public/../application/index/view/index/browse.html [ array (
  0 => 'user',
  1 => 'site',
  2 => 'config',
  3 => 'channel',
) ]
[ info ] [ LOG ] INIT File
---------------------------------------------------------------
[ 2022-12-05T16:43:23+08:00 ] 183.129.243.187 GET ksd.yunkew.net/
[运行时间：0.048887s] [吞吐率：20.46req/s] [内存消耗：3,985.30kb] [文件加载：137]
[ info ] [ BEHAVIOR ] Run Closure @app_init [ RunTime:0.000014s ]
[ info ] [ CACHE ] INIT File
[ info ] [ BEHAVIOR ] Run Closure @app_init [ RunTime:0.001174s ]
[ info ] [ BEHAVIOR ] Run app\common\behavior\Common @app_init [ RunTime:0.000510s ]
[ info ] [ LANG ] /www/wwwroot/kbd.yunkew.net/thinkphp/lang/zh-cn.php
[ info ] [ BEHAVIOR ] Run app\common\behavior\Common @app_dispatch [ RunTime:0.000012s ]
[ info ] [ ROUTE ] array (
  'type' => 'module',
  'module' => 
  array (
    0 => '',
    1 => NULL,
    2 => NULL,
  ),
)
[ info ] [ HEADER ] array (
  'cookie' => 'thinkphp_show_page_trace=0|5',
  'accept-language' => 'zh-CN,zh;q=0.9,en;q=0.8',
  'accept-encoding' => 'gzip, deflate',
  'referer' => 'http://ksd.yunkew.net/browse.html',
  'accept' => 'text/html,application/xhtml+xml,application/xml;q=0.9,image/avif,image/webp,image/apng,*/*;q=0.8,application/signed-exchange;v=b3;q=0.9',
  'user-agent' => 'Mozilla/5.0 (Windows NT 10.0; Win64; x64) AppleWebKit/537.36 (KHTML, like Gecko) Chrome/97.0.4692.71 Safari/537.36',
  'upgrade-insecure-requests' => '1',
  'connection' => 'keep-alive',
  'host' => 'ksd.yunkew.net',
  'content-length' => '',
  'content-type' => '',
)
[ info ] [ PARAM ] array (
)
[ info ] [ LANG ] /www/wwwroot/kbd.yunkew.net/public/../application/index/lang/zh-cn.php
[ info ] [ BEHAVIOR ] Run app\common\behavior\Common @module_init [ RunTime:0.000988s ]
[ info ] [ LANG ] /www/wwwroot/kbd.yunkew.net/public/../application/index/lang/zh-cn/index.php
[ info ] [ RUN ] app\index\controller\Index->index[ /www/wwwroot/kbd.yunkew.net/application/index/controller/Index.php ]
[ info ] [ DB ] INIT mysql
[ info ] [ VIEW ] /www/wwwroot/kbd.yunkew.net/public/../application/index/view/index/index.html [ array (
  0 => 'user',
  1 => 'site',
  2 => 'config',
  3 => 'channel',
  4 => 'views',
) ]
[ info ] [ LOG ] INIT File
---------------------------------------------------------------
[ 2022-12-05T16:43:49+08:00 ] 183.129.243.187 GET ksd.yunkew.net/browse.html
[运行时间：0.055209s] [吞吐率：18.11req/s] [内存消耗：4,492.16kb] [文件加载：132]
[ info ] [ BEHAVIOR ] Run Closure @app_init [ RunTime:0.000014s ]
[ info ] [ CACHE ] INIT File
[ info ] [ BEHAVIOR ] Run Closure @app_init [ RunTime:0.000976s ]
[ info ] [ BEHAVIOR ] Run app\common\behavior\Common @app_init [ RunTime:0.000461s ]
[ info ] [ LANG ] /www/wwwroot/kbd.yunkew.net/thinkphp/lang/zh-cn.php
[ info ] [ BEHAVIOR ] Run app\common\behavior\Common @app_dispatch [ RunTime:0.000014s ]
[ info ] [ ROUTE ] array (
  'type' => 'module',
  'module' => 
  array (
    0 => 'index',
    1 => 'Index',
    2 => 'browse',
  ),
  'convert' => false,
)
[ info ] [ HEADER ] array (
  'cookie' => 'thinkphp_show_page_trace=0|5',
  'accept-language' => 'zh-CN,zh;q=0.9,en;q=0.8',
  'accept-encoding' => 'gzip, deflate',
  'referer' => 'http://ksd.yunkew.net/',
  'accept' => 'text/html,application/xhtml+xml,application/xml;q=0.9,image/avif,image/webp,image/apng,*/*;q=0.8,application/signed-exchange;v=b3;q=0.9',
  'user-agent' => 'Mozilla/5.0 (Windows NT 10.0; Win64; x64) AppleWebKit/537.36 (KHTML, like Gecko) Chrome/97.0.4692.71 Safari/537.36',
  'upgrade-insecure-requests' => '1',
  'connection' => 'keep-alive',
  'host' => 'ksd.yunkew.net',
  'content-length' => '',
  'content-type' => '',
)
[ info ] [ PARAM ] array (
)
[ info ] [ LANG ] /www/wwwroot/kbd.yunkew.net/public/../application/index/lang/zh-cn.php
[ info ] [ BEHAVIOR ] Run app\common\behavior\Common @module_init [ RunTime:0.000913s ]
[ info ] [ LANG ] /www/wwwroot/kbd.yunkew.net/public/../application/index/lang/zh-cn/index.php
[ info ] [ RUN ] app\index\controller\Index->browse[ /www/wwwroot/kbd.yunkew.net/application/index/controller/Index.php ]
[ info ] [ VIEW ] /www/wwwroot/kbd.yunkew.net/public/../application/index/view/index/browse.html [ array (
  0 => 'user',
  1 => 'site',
  2 => 'config',
  3 => 'channel',
) ]
[ info ] [ LOG ] INIT File
---------------------------------------------------------------
[ 2022-12-05T16:44:05+08:00 ] 183.129.243.187 GET ksd.yunkew.net/search.html
[运行时间：0.045500s] [吞吐率：21.98req/s] [内存消耗：4,160.81kb] [文件加载：141]
[ info ] [ BEHAVIOR ] Run Closure @app_init [ RunTime:0.000015s ]
[ info ] [ CACHE ] INIT File
[ info ] [ BEHAVIOR ] Run Closure @app_init [ RunTime:0.001016s ]
[ info ] [ BEHAVIOR ] Run app\common\behavior\Common @app_init [ RunTime:0.000473s ]
[ info ] [ LANG ] /www/wwwroot/kbd.yunkew.net/thinkphp/lang/zh-cn.php
[ info ] [ BEHAVIOR ] Run app\common\behavior\Common @app_dispatch [ RunTime:0.000014s ]
[ info ] [ ROUTE ] array (
  'type' => 'module',
  'module' => 
  array (
    0 => 'index',
    1 => 'Index',
    2 => 'search',
  ),
  'convert' => false,
)
[ info ] [ HEADER ] array (
  'cookie' => 'thinkphp_show_page_trace=0|5',
  'accept-language' => 'zh-CN,zh;q=0.9,en;q=0.8',
  'accept-encoding' => 'gzip, deflate',
  'referer' => 'http://ksd.yunkew.net/browse.html',
  'accept' => 'text/html,application/xhtml+xml,application/xml;q=0.9,image/avif,image/webp,image/apng,*/*;q=0.8,application/signed-exchange;v=b3;q=0.9',
  'user-agent' => 'Mozilla/5.0 (Windows NT 10.0; Win64; x64) AppleWebKit/537.36 (KHTML, like Gecko) Chrome/97.0.4692.71 Safari/537.36',
  'upgrade-insecure-requests' => '1',
  'connection' => 'keep-alive',
  'host' => 'ksd.yunkew.net',
  'content-length' => '',
  'content-type' => '',
)
[ info ] [ PARAM ] array (
)
[ info ] [ LANG ] /www/wwwroot/kbd.yunkew.net/public/../application/index/lang/zh-cn.php
[ info ] [ BEHAVIOR ] Run app\common\behavior\Common @module_init [ RunTime:0.000921s ]
[ info ] [ LANG ] /www/wwwroot/kbd.yunkew.net/public/../application/index/lang/zh-cn/index.php
[ info ] [ RUN ] app\index\controller\Index->search[ /www/wwwroot/kbd.yunkew.net/application/index/controller/Index.php ]
[ info ] [ DB ] INIT mysql
[ info ] [ VIEW ] /www/wwwroot/kbd.yunkew.net/public/../application/index/view/index/search.html [ array (
  0 => 'user',
  1 => 'site',
  2 => 'config',
  3 => 'list',
  4 => 'pid',
  5 => 'key',
  6 => 'year',
  7 => 'channel',
) ]
[ info ] [ LOG ] INIT File
---------------------------------------------------------------
[ 2022-12-05T16:44:32+08:00 ] 183.129.243.187 GET ksd.yunkew.net/statistics.html
[运行时间：0.037558s] [吞吐率：26.63req/s] [内存消耗：3,105.48kb] [文件加载：132]
[ info ] [ BEHAVIOR ] Run Closure @app_init [ RunTime:0.000014s ]
[ info ] [ CACHE ] INIT File
[ info ] [ BEHAVIOR ] Run Closure @app_init [ RunTime:0.000988s ]
[ info ] [ BEHAVIOR ] Run app\common\behavior\Common @app_init [ RunTime:0.000469s ]
[ info ] [ LANG ] /www/wwwroot/kbd.yunkew.net/thinkphp/lang/zh-cn.php
[ info ] [ BEHAVIOR ] Run app\common\behavior\Common @app_dispatch [ RunTime:0.000014s ]
[ info ] [ ROUTE ] array (
  'type' => 'module',
  'module' => 
  array (
    0 => 'index',
    1 => 'Index',
    2 => 'statistics',
  ),
  'convert' => false,
)
[ info ] [ HEADER ] array (
  'cookie' => 'thinkphp_show_page_trace=0|5',
  'accept-language' => 'zh-CN,zh;q=0.9,en;q=0.8',
  'accept-encoding' => 'gzip, deflate',
  'referer' => 'http://ksd.yunkew.net/search.html',
  'accept' => 'text/html,application/xhtml+xml,application/xml;q=0.9,image/avif,image/webp,image/apng,*/*;q=0.8,application/signed-exchange;v=b3;q=0.9',
  'user-agent' => 'Mozilla/5.0 (Windows NT 10.0; Win64; x64) AppleWebKit/537.36 (KHTML, like Gecko) Chrome/97.0.4692.71 Safari/537.36',
  'upgrade-insecure-requests' => '1',
  'connection' => 'keep-alive',
  'host' => 'ksd.yunkew.net',
  'content-length' => '',
  'content-type' => '',
)
[ info ] [ PARAM ] array (
)
[ info ] [ LANG ] /www/wwwroot/kbd.yunkew.net/public/../application/index/lang/zh-cn.php
[ info ] [ BEHAVIOR ] Run app\common\behavior\Common @module_init [ RunTime:0.000918s ]
[ info ] [ LANG ] /www/wwwroot/kbd.yunkew.net/public/../application/index/lang/zh-cn/index.php
[ info ] [ RUN ] app\index\controller\Index->statistics[ /www/wwwroot/kbd.yunkew.net/application/index/controller/Index.php ]
[ info ] [ VIEW ] /www/wwwroot/kbd.yunkew.net/public/../application/index/view/index/statistics.html [ array (
  0 => 'user',
  1 => 'site',
  2 => 'config',
  3 => 'channel',
) ]
[ info ] [ LOG ] INIT File
---------------------------------------------------------------
[ 2022-12-05T16:44:42+08:00 ] 183.129.243.187 GET ksd.yunkew.net/download.html
[运行时间：0.038623s] [吞吐率：25.89req/s] [内存消耗：3,105.68kb] [文件加载：132]
[ info ] [ BEHAVIOR ] Run Closure @app_init [ RunTime:0.000014s ]
[ info ] [ CACHE ] INIT File
[ info ] [ BEHAVIOR ] Run Closure @app_init [ RunTime:0.001012s ]
[ info ] [ BEHAVIOR ] Run app\common\behavior\Common @app_init [ RunTime:0.000519s ]
[ info ] [ LANG ] /www/wwwroot/kbd.yunkew.net/thinkphp/lang/zh-cn.php
[ info ] [ BEHAVIOR ] Run app\common\behavior\Common @app_dispatch [ RunTime:0.000014s ]
[ info ] [ ROUTE ] array (
  'type' => 'module',
  'module' => 
  array (
    0 => 'index',
    1 => 'Index',
    2 => 'download',
  ),
  'convert' => false,
)
[ info ] [ HEADER ] array (
  'cookie' => 'thinkphp_show_page_trace=0|5',
  'accept-language' => 'zh-CN,zh;q=0.9,en;q=0.8',
  'accept-encoding' => 'gzip, deflate',
  'referer' => 'http://ksd.yunkew.net/statistics.html',
  'accept' => 'text/html,application/xhtml+xml,application/xml;q=0.9,image/avif,image/webp,image/apng,*/*;q=0.8,application/signed-exchange;v=b3;q=0.9',
  'user-agent' => 'Mozilla/5.0 (Windows NT 10.0; Win64; x64) AppleWebKit/537.36 (KHTML, like Gecko) Chrome/97.0.4692.71 Safari/537.36',
  'upgrade-insecure-requests' => '1',
  'connection' => 'keep-alive',
  'host' => 'ksd.yunkew.net',
  'content-length' => '',
  'content-type' => '',
)
[ info ] [ PARAM ] array (
)
[ info ] [ LANG ] /www/wwwroot/kbd.yunkew.net/public/../application/index/lang/zh-cn.php
[ info ] [ BEHAVIOR ] Run app\common\behavior\Common @module_init [ RunTime:0.000920s ]
[ info ] [ LANG ] /www/wwwroot/kbd.yunkew.net/public/../application/index/lang/zh-cn/index.php
[ info ] [ RUN ] app\index\controller\Index->download[ /www/wwwroot/kbd.yunkew.net/application/index/controller/Index.php ]
[ info ] [ VIEW ] /www/wwwroot/kbd.yunkew.net/public/../application/index/view/index/download.html [ array (
  0 => 'user',
  1 => 'site',
  2 => 'config',
  3 => 'channel',
) ]
[ info ] [ LOG ] INIT File
---------------------------------------------------------------
[ 2022-12-05T16:44:43+08:00 ] 183.129.243.187 GET ksd.yunkew.net/about.html
[运行时间：0.036057s] [吞吐率：27.73req/s] [内存消耗：3,106.67kb] [文件加载：132]
[ info ] [ BEHAVIOR ] Run Closure @app_init [ RunTime:0.000014s ]
[ info ] [ CACHE ] INIT File
[ info ] [ BEHAVIOR ] Run Closure @app_init [ RunTime:0.000993s ]
[ info ] [ BEHAVIOR ] Run app\common\behavior\Common @app_init [ RunTime:0.000473s ]
[ info ] [ LANG ] /www/wwwroot/kbd.yunkew.net/thinkphp/lang/zh-cn.php
[ info ] [ BEHAVIOR ] Run app\common\behavior\Common @app_dispatch [ RunTime:0.000014s ]
[ info ] [ ROUTE ] array (
  'type' => 'module',
  'module' => 
  array (
    0 => 'index',
    1 => 'Index',
    2 => 'about',
  ),
  'convert' => false,
)
[ info ] [ HEADER ] array (
  'cookie' => 'thinkphp_show_page_trace=0|5',
  'accept-language' => 'zh-CN,zh;q=0.9,en;q=0.8',
  'accept-encoding' => 'gzip, deflate',
  'referer' => 'http://ksd.yunkew.net/download.html',
  'accept' => 'text/html,application/xhtml+xml,application/xml;q=0.9,image/avif,image/webp,image/apng,*/*;q=0.8,application/signed-exchange;v=b3;q=0.9',
  'user-agent' => 'Mozilla/5.0 (Windows NT 10.0; Win64; x64) AppleWebKit/537.36 (KHTML, like Gecko) Chrome/97.0.4692.71 Safari/537.36',
  'upgrade-insecure-requests' => '1',
  'connection' => 'keep-alive',
  'host' => 'ksd.yunkew.net',
  'content-length' => '',
  'content-type' => '',
)
[ info ] [ PARAM ] array (
)
[ info ] [ LANG ] /www/wwwroot/kbd.yunkew.net/public/../application/index/lang/zh-cn.php
[ info ] [ BEHAVIOR ] Run app\common\behavior\Common @module_init [ RunTime:0.000902s ]
[ info ] [ LANG ] /www/wwwroot/kbd.yunkew.net/public/../application/index/lang/zh-cn/index.php
[ info ] [ RUN ] app\index\controller\Index->about[ /www/wwwroot/kbd.yunkew.net/application/index/controller/Index.php ]
[ info ] [ VIEW ] /www/wwwroot/kbd.yunkew.net/public/../application/index/view/index/about.html [ array (
  0 => 'user',
  1 => 'site',
  2 => 'config',
  3 => 'channel',
) ]
[ info ] [ LOG ] INIT File
---------------------------------------------------------------
[ 2022-12-05T16:44:45+08:00 ] 183.129.243.187 GET ksd.yunkew.net/statistics.html
[运行时间：0.036470s] [吞吐率：27.42req/s] [内存消耗：3,105.48kb] [文件加载：132]
[ info ] [ BEHAVIOR ] Run Closure @app_init [ RunTime:0.000014s ]
[ info ] [ CACHE ] INIT File
[ info ] [ BEHAVIOR ] Run Closure @app_init [ RunTime:0.001049s ]
[ info ] [ BEHAVIOR ] Run app\common\behavior\Common @app_init [ RunTime:0.000493s ]
[ info ] [ LANG ] /www/wwwroot/kbd.yunkew.net/thinkphp/lang/zh-cn.php
[ info ] [ BEHAVIOR ] Run app\common\behavior\Common @app_dispatch [ RunTime:0.000014s ]
[ info ] [ ROUTE ] array (
  'type' => 'module',
  'module' => 
  array (
    0 => 'index',
    1 => 'Index',
    2 => 'statistics',
  ),
  'convert' => false,
)
[ info ] [ HEADER ] array (
  'cookie' => 'thinkphp_show_page_trace=0|5',
  'accept-language' => 'zh-CN,zh;q=0.9,en;q=0.8',
  'accept-encoding' => 'gzip, deflate',
  'referer' => 'http://ksd.yunkew.net/about.html',
  'accept' => 'text/html,application/xhtml+xml,application/xml;q=0.9,image/avif,image/webp,image/apng,*/*;q=0.8,application/signed-exchange;v=b3;q=0.9',
  'user-agent' => 'Mozilla/5.0 (Windows NT 10.0; Win64; x64) AppleWebKit/537.36 (KHTML, like Gecko) Chrome/97.0.4692.71 Safari/537.36',
  'upgrade-insecure-requests' => '1',
  'connection' => 'keep-alive',
  'host' => 'ksd.yunkew.net',
  'content-length' => '',
  'content-type' => '',
)
[ info ] [ PARAM ] array (
)
[ info ] [ LANG ] /www/wwwroot/kbd.yunkew.net/public/../application/index/lang/zh-cn.php
[ info ] [ BEHAVIOR ] Run app\common\behavior\Common @module_init [ RunTime:0.000901s ]
[ info ] [ LANG ] /www/wwwroot/kbd.yunkew.net/public/../application/index/lang/zh-cn/index.php
[ info ] [ RUN ] app\index\controller\Index->statistics[ /www/wwwroot/kbd.yunkew.net/application/index/controller/Index.php ]
[ info ] [ VIEW ] /www/wwwroot/kbd.yunkew.net/public/../application/index/view/index/statistics.html [ array (
  0 => 'user',
  1 => 'site',
  2 => 'config',
  3 => 'channel',
) ]
[ info ] [ LOG ] INIT File
---------------------------------------------------------------
[ 2022-12-05T16:45:01+08:00 ] 183.129.243.187 GET ksd.yunkew.net/download.html
[运行时间：0.040318s] [吞吐率：24.80req/s] [内存消耗：3,105.68kb] [文件加载：132]
[ info ] [ BEHAVIOR ] Run Closure @app_init [ RunTime:0.000015s ]
[ info ] [ CACHE ] INIT File
[ info ] [ BEHAVIOR ] Run Closure @app_init [ RunTime:0.001130s ]
[ info ] [ BEHAVIOR ] Run app\common\behavior\Common @app_init [ RunTime:0.000522s ]
[ info ] [ LANG ] /www/wwwroot/kbd.yunkew.net/thinkphp/lang/zh-cn.php
[ info ] [ BEHAVIOR ] Run app\common\behavior\Common @app_dispatch [ RunTime:0.000019s ]
[ info ] [ ROUTE ] array (
  'type' => 'module',
  'module' => 
  array (
    0 => 'index',
    1 => 'Index',
    2 => 'download',
  ),
  'convert' => false,
)
[ info ] [ HEADER ] array (
  'cookie' => 'thinkphp_show_page_trace=0|5',
  'accept-language' => 'zh-CN,zh;q=0.9,en;q=0.8',
  'accept-encoding' => 'gzip, deflate',
  'referer' => 'http://ksd.yunkew.net/statistics.html',
  'accept' => 'text/html,application/xhtml+xml,application/xml;q=0.9,image/avif,image/webp,image/apng,*/*;q=0.8,application/signed-exchange;v=b3;q=0.9',
  'user-agent' => 'Mozilla/5.0 (Windows NT 10.0; Win64; x64) AppleWebKit/537.36 (KHTML, like Gecko) Chrome/97.0.4692.71 Safari/537.36',
  'upgrade-insecure-requests' => '1',
  'connection' => 'keep-alive',
  'host' => 'ksd.yunkew.net',
  'content-length' => '',
  'content-type' => '',
)
[ info ] [ PARAM ] array (
)
[ info ] [ LANG ] /www/wwwroot/kbd.yunkew.net/public/../application/index/lang/zh-cn.php
[ info ] [ BEHAVIOR ] Run app\common\behavior\Common @module_init [ RunTime:0.001085s ]
[ info ] [ LANG ] /www/wwwroot/kbd.yunkew.net/public/../application/index/lang/zh-cn/index.php
[ info ] [ RUN ] app\index\controller\Index->download[ /www/wwwroot/kbd.yunkew.net/application/index/controller/Index.php ]
[ info ] [ VIEW ] /www/wwwroot/kbd.yunkew.net/public/../application/index/view/index/download.html [ array (
  0 => 'user',
  1 => 'site',
  2 => 'config',
  3 => 'channel',
) ]
[ info ] [ LOG ] INIT File
---------------------------------------------------------------
[ 2022-12-05T16:45:15+08:00 ] 183.129.243.187 GET ksd.yunkew.net/about.html
[运行时间：0.036551s] [吞吐率：27.36req/s] [内存消耗：3,106.67kb] [文件加载：132]
[ info ] [ BEHAVIOR ] Run Closure @app_init [ RunTime:0.000014s ]
[ info ] [ CACHE ] INIT File
[ info ] [ BEHAVIOR ] Run Closure @app_init [ RunTime:0.001009s ]
[ info ] [ BEHAVIOR ] Run app\common\behavior\Common @app_init [ RunTime:0.000477s ]
[ info ] [ LANG ] /www/wwwroot/kbd.yunkew.net/thinkphp/lang/zh-cn.php
[ info ] [ BEHAVIOR ] Run app\common\behavior\Common @app_dispatch [ RunTime:0.000013s ]
[ info ] [ ROUTE ] array (
  'type' => 'module',
  'module' => 
  array (
    0 => 'index',
    1 => 'Index',
    2 => 'about',
  ),
  'convert' => false,
)
[ info ] [ HEADER ] array (
  'cookie' => 'thinkphp_show_page_trace=0|5',
  'accept-language' => 'zh-CN,zh;q=0.9,en;q=0.8',
  'accept-encoding' => 'gzip, deflate',
  'referer' => 'http://ksd.yunkew.net/download.html',
  'accept' => 'text/html,application/xhtml+xml,application/xml;q=0.9,image/avif,image/webp,image/apng,*/*;q=0.8,application/signed-exchange;v=b3;q=0.9',
  'user-agent' => 'Mozilla/5.0 (Windows NT 10.0; Win64; x64) AppleWebKit/537.36 (KHTML, like Gecko) Chrome/97.0.4692.71 Safari/537.36',
  'upgrade-insecure-requests' => '1',
  'connection' => 'keep-alive',
  'host' => 'ksd.yunkew.net',
  'content-length' => '',
  'content-type' => '',
)
[ info ] [ PARAM ] array (
)
[ info ] [ LANG ] /www/wwwroot/kbd.yunkew.net/public/../application/index/lang/zh-cn.php
[ info ] [ BEHAVIOR ] Run app\common\behavior\Common @module_init [ RunTime:0.000921s ]
[ info ] [ LANG ] /www/wwwroot/kbd.yunkew.net/public/../application/index/lang/zh-cn/index.php
[ info ] [ RUN ] app\index\controller\Index->about[ /www/wwwroot/kbd.yunkew.net/application/index/controller/Index.php ]
[ info ] [ VIEW ] /www/wwwroot/kbd.yunkew.net/public/../application/index/view/index/about.html [ array (
  0 => 'user',
  1 => 'site',
  2 => 'config',
  3 => 'channel',
) ]
[ info ] [ LOG ] INIT File
